2018-11-30 01:33:20,874 INFO org.springframework.boot.StartupInfoLogger [main] Starting SomeBeanIntegrationTest on statusquo with PID 3228 (started by tomek in C:\Users\tomek\_MyJavaProjects\_Refresh\CommonConcepts)
2018-11-30 01:33:20,881 INFO org.springframework.boot.SpringApplication [main] No active profile set, falling back to default profiles: default
2018-11-30 01:33:20,904 INFO org.springframework.context.support.AbstractApplicationContext [main] Refreshing org.springframework.context.annotation.AnnotationConfigApplicationContext@e260766: startup date [Fri Nov 30 01:33:20 CET 2018]; root of context hierarchy
2018-11-30 01:33:21,319 INFO org.springframework.beans.factory.support.DefaultListableBeanFactory [main] Overriding bean definition for bean 'someBean' with a different definition: replacing [Generic bean: class [spring.test.SomeBean]; scope=singleton; abstract=false; lazyInit=false; autowireMode=0; dependencyCheck=0; autowireCandidate=true; primary=false; factoryBeanName=null; factoryMethodName=null; initMethodName=null; destroyMethodName=null; defined in file [C:\Users\tomek\_MyJavaProjects\_Refresh\CommonConcepts\target\classes\spring\test\SomeBean.class]] with [Root bean: class [null]; scope=; abstract=false; lazyInit=false; autowireMode=3; dependencyCheck=0; autowireCandidate=true; primary=false; factoryBeanName=testConfiguration; factoryMethodName=someBean; initMethodName=null; destroyMethodName=(inferred); defined in spring.test.TestConfiguration]
2018-11-30 01:33:21,716 INFO org.springframework.jdbc.datasource.embedded.EmbeddedDatabaseFactory [main] Starting embedded database: url='jdbc:h2:mem:pvqms;DB_CLOSE_DELAY=-1;DB_CLOSE_ON_EXIT=false', username='sa'
2018-11-30 01:33:22,035 INFO org.springframework.orm.jpa.LocalContainerEntityManagerFactoryBean [main] Building JPA container EntityManagerFactory for persistence unit 'default'
2018-11-30 01:33:22,064 INFO org.hibernate.jpa.internal.util.LogHelper [main] HHH000204: Processing PersistenceUnitInfo [
	name: default
	...]
2018-11-30 01:33:22,167 INFO org.hibernate.Version [main] HHH000412: Hibernate Core {5.2.17.Final}
2018-11-30 01:33:22,169 INFO org.hibernate.cfg.Environment [main] HHH000206: hibernate.properties not found
2018-11-30 01:33:22,225 INFO org.hibernate.annotations.common.reflection.java.JavaReflectionManager [main] HCANN000001: Hibernate Commons Annotations {5.0.1.Final}
2018-11-30 01:33:22,405 INFO org.hibernate.dialect.Dialect [main] HHH000400: Using dialect: org.hibernate.dialect.H2Dialect
2018-11-30 01:33:22,734 INFO org.hibernate.tool.schema.internal.SchemaCreatorImpl [main] HHH000476: Executing import script 'org.hibernate.tool.schema.internal.exec.ScriptSourceInputNonExistentImpl@2f9a10df'
2018-11-30 01:33:22,736 INFO org.springframework.orm.jpa.AbstractEntityManagerFactoryBean [main] Initialized JPA EntityManagerFactory for persistence unit 'default'
2018-11-30 01:33:22,771 INFO com.datastax.driver.core.Cluster [main] DataStax Java driver 3.6.0 for Apache Cassandra
2018-11-30 01:33:22,782 INFO com.datastax.driver.core.GuavaCompatibility [main] Detected Guava >= 19 in the classpath, using modern compatibility layer
2018-11-30 01:33:23,327 INFO com.datastax.driver.core.Native$LibCLoader [main] Could not load JNR C Library, native system calls through this library will not be available (set this logger level to DEBUG to see the full stack trace).
2018-11-30 01:33:23,328 INFO com.datastax.driver.core.ClockFactory [main] Using java.lang.System clock to generate timestamps.
2018-11-30 01:33:23,602 INFO org.springframework.boot.StartupInfoLogger [main] Started SomeBeanIntegrationTest in 3.197 seconds (JVM running for 4.032)
2018-11-30 01:33:23,697 INFO org.springframework.test.context.transaction.TransactionContext [main] Began transaction (1) for test context [DefaultTestContext@52e7a6b2 testClass = SomeBeanIntegrationTest, testInstance = spring.test.SomeBeanIntegrationTest@127a7a2e, testMethod = contextUp@SomeBeanIntegrationTest, testException = [null], mergedContextConfiguration = [MergedContextConfiguration@29a5f4e7 testClass = SomeBeanIntegrationTest, locations = '{}', classes = '{class spring.test.TestConfiguration, class spring.test.TestConfiguration}', contextInitializerClasses = '[]', activeProfiles = '{}', propertySourceLocations = '{}', propertySourceProperties = '{org.springframework.boot.test.context.SpringBootTestContextBootstrapper=true}', contextCustomizers = set[org.springframework.boot.test.context.filter.ExcludeFilterContextCustomizer@69fb6037, org.springframework.boot.test.json.DuplicateJsonObjectContextCustomizerFactory$DuplicateJsonObjectContextCustomizer@671a5887, org.springframework.boot.test.mock.mockito.MockitoContextCustomizer@0, org.springframework.boot.test.web.client.TestRestTemplateContextCustomizer@44a7bfbc, org.springframework.boot.test.autoconfigure.properties.PropertyMappingContextCustomizer@0, org.springframework.boot.test.autoconfigure.web.servlet.WebDriverContextCustomizerFactory$Customizer@140c9f39], contextLoader = 'org.springframework.boot.test.context.SpringBootContextLoader', parent = [null]], attributes = map[[empty]]]; transaction manager [org.springframework.orm.jpa.JpaTransactionManager@4db0ba1c]; rollback [true]
2018-11-30 01:33:23,758 INFO org.springframework.test.context.transaction.TransactionContext [main] Rolled back transaction for test: [DefaultTestContext@52e7a6b2 testClass = SomeBeanIntegrationTest, testInstance = spring.test.SomeBeanIntegrationTest@127a7a2e, testMethod = contextUp@SomeBeanIntegrationTest, testException = [null], mergedContextConfiguration = [MergedContextConfiguration@29a5f4e7 testClass = SomeBeanIntegrationTest, locations = '{}', classes = '{class spring.test.TestConfiguration, class spring.test.TestConfiguration}', contextInitializerClasses = '[]', activeProfiles = '{}', propertySourceLocations = '{}', propertySourceProperties = '{org.springframework.boot.test.context.SpringBootTestContextBootstrapper=true}', contextCustomizers = set[org.springframework.boot.test.context.filter.ExcludeFilterContextCustomizer@69fb6037, org.springframework.boot.test.json.DuplicateJsonObjectContextCustomizerFactory$DuplicateJsonObjectContextCustomizer@671a5887, org.springframework.boot.test.mock.mockito.MockitoContextCustomizer@0, org.springframework.boot.test.web.client.TestRestTemplateContextCustomizer@44a7bfbc, org.springframework.boot.test.autoconfigure.properties.PropertyMappingContextCustomizer@0, org.springframework.boot.test.autoconfigure.web.servlet.WebDriverContextCustomizerFactory$Customizer@140c9f39], contextLoader = 'org.springframework.boot.test.context.SpringBootContextLoader', parent = [null]], attributes = map[[empty]]]
2018-11-30 01:33:23,760 INFO org.springframework.context.support.AbstractApplicationContext [Thread-1] Closing org.springframework.context.annotation.AnnotationConfigApplicationContext@e260766: startup date [Fri Nov 30 01:33:20 CET 2018]; root of context hierarchy
2018-11-30 01:33:23,766 INFO org.springframework.orm.jpa.AbstractEntityManagerFactoryBean [Thread-1] Closing JPA EntityManagerFactory for persistence unit 'default'
2018-11-30 01:33:23,766 INFO org.hibernate.tool.schema.internal.SchemaDropperImpl$DelayedDropActionImpl [Thread-1] HHH000477: Starting delayed drop of schema as part of SessionFactory shut-down'
2018-11-30 01:33:23,767 INFO org.springframework.jdbc.datasource.embedded.EmbeddedDatabaseFactory [Thread-1] Shutting down embedded database: url='jdbc:h2:mem:pvqms;DB_CLOSE_DELAY=-1;DB_CLOSE_ON_EXIT=false'
2018-11-30 09:54:18,083 INFO org.springframework.boot.StartupInfoLogger [main] Starting SomeBeanIntegrationTest on statusquo with PID 892 (started by tomek in C:\Users\tomek\_MyJavaProjects\_Refresh\CommonConcepts)
2018-11-30 09:54:18,084 INFO org.springframework.boot.SpringApplication [main] No active profile set, falling back to default profiles: default
2018-11-30 09:54:18,099 INFO org.springframework.context.support.AbstractApplicationContext [main] Refreshing org.springframework.context.annotation.AnnotationConfigApplicationContext@7e3f95fe: startup date [Fri Nov 30 09:54:18 CET 2018]; root of context hierarchy
2018-11-30 09:54:18,417 INFO org.springframework.beans.factory.support.DefaultListableBeanFactory [main] Overriding bean definition for bean 'someBean' with a different definition: replacing [Generic bean: class [spring.test.SomeBean]; scope=singleton; abstract=false; lazyInit=false; autowireMode=0; dependencyCheck=0; autowireCandidate=true; primary=false; factoryBeanName=null; factoryMethodName=null; initMethodName=null; destroyMethodName=null; defined in file [C:\Users\tomek\_MyJavaProjects\_Refresh\CommonConcepts\target\classes\spring\test\SomeBean.class]] with [Root bean: class [null]; scope=; abstract=false; lazyInit=false; autowireMode=3; dependencyCheck=0; autowireCandidate=true; primary=false; factoryBeanName=testConfiguration; factoryMethodName=someBean; initMethodName=null; destroyMethodName=(inferred); defined in spring.test.TestConfiguration]
2018-11-30 09:54:18,787 INFO org.springframework.jdbc.datasource.embedded.EmbeddedDatabaseFactory [main] Starting embedded database: url='jdbc:h2:mem:pvqms;DB_CLOSE_DELAY=-1;DB_CLOSE_ON_EXIT=false', username='sa'
2018-11-30 09:54:19,059 INFO org.springframework.orm.jpa.LocalContainerEntityManagerFactoryBean [main] Building JPA container EntityManagerFactory for persistence unit 'default'
2018-11-30 09:54:19,081 INFO org.hibernate.jpa.internal.util.LogHelper [main] HHH000204: Processing PersistenceUnitInfo [
	name: default
	...]
2018-11-30 09:54:19,171 INFO org.hibernate.Version [main] HHH000412: Hibernate Core {5.2.17.Final}
2018-11-30 09:54:19,173 INFO org.hibernate.cfg.Environment [main] HHH000206: hibernate.properties not found
2018-11-30 09:54:19,223 INFO org.hibernate.annotations.common.reflection.java.JavaReflectionManager [main] HCANN000001: Hibernate Commons Annotations {5.0.1.Final}
2018-11-30 09:54:19,416 INFO org.hibernate.dialect.Dialect [main] HHH000400: Using dialect: org.hibernate.dialect.H2Dialect
2018-11-30 09:54:19,764 INFO org.hibernate.tool.schema.internal.SchemaCreatorImpl [main] HHH000476: Executing import script 'org.hibernate.tool.schema.internal.exec.ScriptSourceInputNonExistentImpl@2744dcae'
2018-11-30 09:54:19,767 INFO org.springframework.orm.jpa.AbstractEntityManagerFactoryBean [main] Initialized JPA EntityManagerFactory for persistence unit 'default'
2018-11-30 09:54:19,799 INFO com.datastax.driver.core.Cluster [main] DataStax Java driver 3.6.0 for Apache Cassandra
2018-11-30 09:54:19,810 INFO com.datastax.driver.core.GuavaCompatibility [main] Detected Guava >= 19 in the classpath, using modern compatibility layer
2018-11-30 09:54:19,947 INFO com.datastax.driver.core.Native$LibCLoader [main] Could not load JNR C Library, native system calls through this library will not be available (set this logger level to DEBUG to see the full stack trace).
2018-11-30 09:54:19,947 INFO com.datastax.driver.core.ClockFactory [main] Using java.lang.System clock to generate timestamps.
2018-11-30 09:54:20,203 INFO org.springframework.boot.StartupInfoLogger [main] Started SomeBeanIntegrationTest in 2.498 seconds (JVM running for 3.561)
2018-11-30 09:54:20,296 INFO org.springframework.test.context.transaction.TransactionContext [main] Began transaction (1) for test context [DefaultTestContext@658c5a19 testClass = SomeBeanIntegrationTest, testInstance = spring.test.SomeBeanIntegrationTest@275bf9b3, testMethod = contextUp@SomeBeanIntegrationTest, testException = [null], mergedContextConfiguration = [MergedContextConfiguration@421e361 testClass = SomeBeanIntegrationTest, locations = '{}', classes = '{class spring.test.TestConfiguration, class spring.test.TestConfiguration}', contextInitializerClasses = '[]', activeProfiles = '{}', propertySourceLocations = '{}', propertySourceProperties = '{org.springframework.boot.test.context.SpringBootTestContextBootstrapper=true}', contextCustomizers = set[org.springframework.boot.test.context.filter.ExcludeFilterContextCustomizer@f381794, org.springframework.boot.test.json.DuplicateJsonObjectContextCustomizerFactory$DuplicateJsonObjectContextCustomizer@2e1d27ba, org.springframework.boot.test.mock.mockito.MockitoContextCustomizer@0, org.springframework.boot.test.web.client.TestRestTemplateContextCustomizer@6a6afff2, org.springframework.boot.test.autoconfigure.properties.PropertyMappingContextCustomizer@0, org.springframework.boot.test.autoconfigure.web.servlet.WebDriverContextCustomizerFactory$Customizer@2e55dd0c], contextLoader = 'org.springframework.boot.test.context.SpringBootContextLoader', parent = [null]], attributes = map[[empty]]]; transaction manager [org.springframework.orm.jpa.JpaTransactionManager@7c9beb51]; rollback [true]
2018-11-30 09:54:20,385 INFO org.springframework.test.context.transaction.TransactionContext [main] Rolled back transaction for test: [DefaultTestContext@658c5a19 testClass = SomeBeanIntegrationTest, testInstance = spring.test.SomeBeanIntegrationTest@275bf9b3, testMethod = contextUp@SomeBeanIntegrationTest, testException = [null], mergedContextConfiguration = [MergedContextConfiguration@421e361 testClass = SomeBeanIntegrationTest, locations = '{}', classes = '{class spring.test.TestConfiguration, class spring.test.TestConfiguration}', contextInitializerClasses = '[]', activeProfiles = '{}', propertySourceLocations = '{}', propertySourceProperties = '{org.springframework.boot.test.context.SpringBootTestContextBootstrapper=true}', contextCustomizers = set[org.springframework.boot.test.context.filter.ExcludeFilterContextCustomizer@f381794, org.springframework.boot.test.json.DuplicateJsonObjectContextCustomizerFactory$DuplicateJsonObjectContextCustomizer@2e1d27ba, org.springframework.boot.test.mock.mockito.MockitoContextCustomizer@0, org.springframework.boot.test.web.client.TestRestTemplateContextCustomizer@6a6afff2, org.springframework.boot.test.autoconfigure.properties.PropertyMappingContextCustomizer@0, org.springframework.boot.test.autoconfigure.web.servlet.WebDriverContextCustomizerFactory$Customizer@2e55dd0c], contextLoader = 'org.springframework.boot.test.context.SpringBootContextLoader', parent = [null]], attributes = map[[empty]]]
2018-11-30 09:54:20,387 INFO org.springframework.context.support.AbstractApplicationContext [Thread-1] Closing org.springframework.context.annotation.AnnotationConfigApplicationContext@7e3f95fe: startup date [Fri Nov 30 09:54:18 CET 2018]; root of context hierarchy
2018-11-30 09:54:20,393 INFO org.springframework.orm.jpa.AbstractEntityManagerFactoryBean [Thread-1] Closing JPA EntityManagerFactory for persistence unit 'default'
2018-11-30 09:54:20,393 INFO org.hibernate.tool.schema.internal.SchemaDropperImpl$DelayedDropActionImpl [Thread-1] HHH000477: Starting delayed drop of schema as part of SessionFactory shut-down'
2018-11-30 09:54:20,394 INFO org.springframework.jdbc.datasource.embedded.EmbeddedDatabaseFactory [Thread-1] Shutting down embedded database: url='jdbc:h2:mem:pvqms;DB_CLOSE_DELAY=-1;DB_CLOSE_ON_EXIT=false'
2018-11-30 10:06:45,742 INFO org.springframework.boot.StartupInfoLogger [main] Starting SomeBeanIntegrationTest on statusquo with PID 6100 (started by tomek in C:\Users\tomek\_MyJavaProjects\_Refresh\CommonConcepts)
2018-11-30 10:06:45,744 INFO org.springframework.boot.SpringApplication [main] No active profile set, falling back to default profiles: default
2018-11-30 10:06:45,763 INFO org.springframework.context.support.AbstractApplicationContext [main] Refreshing org.springframework.context.annotation.AnnotationConfigApplicationContext@65aa6596: startup date [Fri Nov 30 10:06:45 CET 2018]; root of context hierarchy
2018-11-30 10:06:46,105 INFO org.springframework.beans.factory.support.DefaultListableBeanFactory [main] Overriding bean definition for bean 'someBean' with a different definition: replacing [Generic bean: class [spring.test.SomeBean]; scope=singleton; abstract=false; lazyInit=false; autowireMode=0; dependencyCheck=0; autowireCandidate=true; primary=false; factoryBeanName=null; factoryMethodName=null; initMethodName=null; destroyMethodName=null; defined in file [C:\Users\tomek\_MyJavaProjects\_Refresh\CommonConcepts\target\classes\spring\test\SomeBean.class]] with [Root bean: class [null]; scope=; abstract=false; lazyInit=false; autowireMode=3; dependencyCheck=0; autowireCandidate=true; primary=false; factoryBeanName=testConfiguration; factoryMethodName=someBean; initMethodName=null; destroyMethodName=(inferred); defined in spring.test.TestConfiguration]
2018-11-30 10:06:46,447 INFO org.springframework.jdbc.datasource.embedded.EmbeddedDatabaseFactory [main] Starting embedded database: url='jdbc:h2:mem:pvqms;DB_CLOSE_DELAY=-1;DB_CLOSE_ON_EXIT=false', username='sa'
2018-11-30 10:06:46,701 INFO org.springframework.orm.jpa.LocalContainerEntityManagerFactoryBean [main] Building JPA container EntityManagerFactory for persistence unit 'default'
2018-11-30 10:06:46,721 INFO org.hibernate.jpa.internal.util.LogHelper [main] HHH000204: Processing PersistenceUnitInfo [
	name: default
	...]
2018-11-30 10:06:46,792 INFO org.hibernate.Version [main] HHH000412: Hibernate Core {5.2.17.Final}
2018-11-30 10:06:46,794 INFO org.hibernate.cfg.Environment [main] HHH000206: hibernate.properties not found
2018-11-30 10:06:46,840 INFO org.hibernate.annotations.common.reflection.java.JavaReflectionManager [main] HCANN000001: Hibernate Commons Annotations {5.0.1.Final}
2018-11-30 10:06:46,965 INFO org.hibernate.dialect.Dialect [main] HHH000400: Using dialect: org.hibernate.dialect.H2Dialect
2018-11-30 10:06:47,266 INFO org.hibernate.tool.schema.internal.SchemaCreatorImpl [main] HHH000476: Executing import script 'org.hibernate.tool.schema.internal.exec.ScriptSourceInputNonExistentImpl@16d0e521'
2018-11-30 10:06:47,270 INFO org.springframework.orm.jpa.AbstractEntityManagerFactoryBean [main] Initialized JPA EntityManagerFactory for persistence unit 'default'
2018-11-30 10:06:47,303 INFO com.datastax.driver.core.Cluster [main] DataStax Java driver 3.6.0 for Apache Cassandra
2018-11-30 10:06:47,309 INFO com.datastax.driver.core.GuavaCompatibility [main] Detected Guava >= 19 in the classpath, using modern compatibility layer
2018-11-30 10:06:47,426 INFO com.datastax.driver.core.Native$LibCLoader [main] Could not load JNR C Library, native system calls through this library will not be available (set this logger level to DEBUG to see the full stack trace).
2018-11-30 10:06:47,427 INFO com.datastax.driver.core.ClockFactory [main] Using java.lang.System clock to generate timestamps.
2018-11-30 10:06:47,656 INFO org.springframework.boot.StartupInfoLogger [main] Started SomeBeanIntegrationTest in 2.313 seconds (JVM running for 3.08)
2018-11-30 10:06:47,736 INFO org.springframework.test.context.transaction.TransactionContext [main] Began transaction (1) for test context [DefaultTestContext@389c4eb1 testClass = SomeBeanIntegrationTest, testInstance = spring.test.SomeBeanIntegrationTest@12a94400, testMethod = contextUp@SomeBeanIntegrationTest, testException = [null], mergedContextConfiguration = [MergedContextConfiguration@3fc79729 testClass = SomeBeanIntegrationTest, locations = '{}', classes = '{class spring.test.TestConfiguration, class spring.test.TestConfiguration}', contextInitializerClasses = '[]', activeProfiles = '{}', propertySourceLocations = '{}', propertySourceProperties = '{org.springframework.boot.test.context.SpringBootTestContextBootstrapper=true}', contextCustomizers = set[org.springframework.boot.test.context.filter.ExcludeFilterContextCustomizer@2e1d27ba, org.springframework.boot.test.json.DuplicateJsonObjectContextCustomizerFactory$DuplicateJsonObjectContextCustomizer@524d6d96, org.springframework.boot.test.mock.mockito.MockitoContextCustomizer@0, org.springframework.boot.test.web.client.TestRestTemplateContextCustomizer@4da4253, org.springframework.boot.test.autoconfigure.properties.PropertyMappingContextCustomizer@0, org.springframework.boot.test.autoconfigure.web.servlet.WebDriverContextCustomizerFactory$Customizer@378542de], contextLoader = 'org.springframework.boot.test.context.SpringBootContextLoader', parent = [null]], attributes = map[[empty]]]; transaction manager [org.springframework.orm.jpa.JpaTransactionManager@133aacbe]; rollback [true]
2018-11-30 10:06:47,806 INFO org.springframework.test.context.transaction.TransactionContext [main] Rolled back transaction for test: [DefaultTestContext@389c4eb1 testClass = SomeBeanIntegrationTest, testInstance = spring.test.SomeBeanIntegrationTest@12a94400, testMethod = contextUp@SomeBeanIntegrationTest, testException = [null], mergedContextConfiguration = [MergedContextConfiguration@3fc79729 testClass = SomeBeanIntegrationTest, locations = '{}', classes = '{class spring.test.TestConfiguration, class spring.test.TestConfiguration}', contextInitializerClasses = '[]', activeProfiles = '{}', propertySourceLocations = '{}', propertySourceProperties = '{org.springframework.boot.test.context.SpringBootTestContextBootstrapper=true}', contextCustomizers = set[org.springframework.boot.test.context.filter.ExcludeFilterContextCustomizer@2e1d27ba, org.springframework.boot.test.json.DuplicateJsonObjectContextCustomizerFactory$DuplicateJsonObjectContextCustomizer@524d6d96, org.springframework.boot.test.mock.mockito.MockitoContextCustomizer@0, org.springframework.boot.test.web.client.TestRestTemplateContextCustomizer@4da4253, org.springframework.boot.test.autoconfigure.properties.PropertyMappingContextCustomizer@0, org.springframework.boot.test.autoconfigure.web.servlet.WebDriverContextCustomizerFactory$Customizer@378542de], contextLoader = 'org.springframework.boot.test.context.SpringBootContextLoader', parent = [null]], attributes = map[[empty]]]
2018-11-30 10:06:47,808 INFO org.springframework.context.support.AbstractApplicationContext [Thread-1] Closing org.springframework.context.annotation.AnnotationConfigApplicationContext@65aa6596: startup date [Fri Nov 30 10:06:45 CET 2018]; root of context hierarchy
2018-11-30 10:06:47,815 INFO org.springframework.orm.jpa.AbstractEntityManagerFactoryBean [Thread-1] Closing JPA EntityManagerFactory for persistence unit 'default'
2018-11-30 10:06:47,815 INFO org.hibernate.tool.schema.internal.SchemaDropperImpl$DelayedDropActionImpl [Thread-1] HHH000477: Starting delayed drop of schema as part of SessionFactory shut-down'
2018-11-30 10:06:47,816 INFO org.springframework.jdbc.datasource.embedded.EmbeddedDatabaseFactory [Thread-1] Shutting down embedded database: url='jdbc:h2:mem:pvqms;DB_CLOSE_DELAY=-1;DB_CLOSE_ON_EXIT=false'
2018-11-30 10:07:00,437 INFO org.springframework.boot.StartupInfoLogger [main] Starting SomeBeanIntegrationTest on statusquo with PID 4232 (started by tomek in C:\Users\tomek\_MyJavaProjects\_Refresh\CommonConcepts)
2018-11-30 10:07:00,438 INFO org.springframework.boot.SpringApplication [main] No active profile set, falling back to default profiles: default
2018-11-30 10:07:00,455 INFO org.springframework.context.support.AbstractApplicationContext [main] Refreshing org.springframework.context.annotation.AnnotationConfigApplicationContext@791cbf87: startup date [Fri Nov 30 10:07:00 CET 2018]; root of context hierarchy
2018-11-30 10:07:00,774 INFO org.springframework.beans.factory.support.DefaultListableBeanFactory [main] Overriding bean definition for bean 'someBean' with a different definition: replacing [Generic bean: class [spring.test.SomeBean]; scope=singleton; abstract=false; lazyInit=false; autowireMode=0; dependencyCheck=0; autowireCandidate=true; primary=false; factoryBeanName=null; factoryMethodName=null; initMethodName=null; destroyMethodName=null; defined in file [C:\Users\tomek\_MyJavaProjects\_Refresh\CommonConcepts\target\classes\spring\test\SomeBean.class]] with [Root bean: class [null]; scope=; abstract=false; lazyInit=false; autowireMode=3; dependencyCheck=0; autowireCandidate=true; primary=false; factoryBeanName=testConfiguration; factoryMethodName=someBean; initMethodName=null; destroyMethodName=(inferred); defined in spring.test.TestConfiguration]
2018-11-30 10:07:01,154 INFO org.springframework.jdbc.datasource.embedded.EmbeddedDatabaseFactory [main] Starting embedded database: url='jdbc:h2:mem:pvqms;DB_CLOSE_DELAY=-1;DB_CLOSE_ON_EXIT=false', username='sa'
2018-11-30 10:07:01,445 INFO org.springframework.orm.jpa.LocalContainerEntityManagerFactoryBean [main] Building JPA container EntityManagerFactory for persistence unit 'default'
2018-11-30 10:07:01,465 INFO org.hibernate.jpa.internal.util.LogHelper [main] HHH000204: Processing PersistenceUnitInfo [
	name: default
	...]
2018-11-30 10:07:01,540 INFO org.hibernate.Version [main] HHH000412: Hibernate Core {5.2.17.Final}
2018-11-30 10:07:01,542 INFO org.hibernate.cfg.Environment [main] HHH000206: hibernate.properties not found
2018-11-30 10:07:01,580 INFO org.hibernate.annotations.common.reflection.java.JavaReflectionManager [main] HCANN000001: Hibernate Commons Annotations {5.0.1.Final}
2018-11-30 10:07:01,703 INFO org.hibernate.dialect.Dialect [main] HHH000400: Using dialect: org.hibernate.dialect.H2Dialect
2018-11-30 10:07:02,070 INFO org.hibernate.tool.schema.internal.SchemaCreatorImpl [main] HHH000476: Executing import script 'org.hibernate.tool.schema.internal.exec.ScriptSourceInputNonExistentImpl@34009349'
2018-11-30 10:07:02,073 INFO org.springframework.orm.jpa.AbstractEntityManagerFactoryBean [main] Initialized JPA EntityManagerFactory for persistence unit 'default'
2018-11-30 10:07:02,111 INFO com.datastax.driver.core.Cluster [main] DataStax Java driver 3.6.0 for Apache Cassandra
2018-11-30 10:07:02,119 INFO com.datastax.driver.core.GuavaCompatibility [main] Detected Guava >= 19 in the classpath, using modern compatibility layer
2018-11-30 10:07:02,275 INFO com.datastax.driver.core.Native$LibCLoader [main] Could not load JNR C Library, native system calls through this library will not be available (set this logger level to DEBUG to see the full stack trace).
2018-11-30 10:07:02,276 INFO com.datastax.driver.core.ClockFactory [main] Using java.lang.System clock to generate timestamps.
2018-11-30 10:07:02,590 INFO org.springframework.boot.StartupInfoLogger [main] Started SomeBeanIntegrationTest in 2.557 seconds (JVM running for 3.746)
2018-11-30 10:07:02,702 INFO org.springframework.test.context.transaction.TransactionContext [main] Began transaction (1) for test context [DefaultTestContext@c9d0d6 testClass = SomeBeanIntegrationTest, testInstance = spring.test.SomeBeanIntegrationTest@6ce86ce1, testMethod = contextUp@SomeBeanIntegrationTest, testException = [null], mergedContextConfiguration = [MergedContextConfiguration@6ccdb29f testClass = SomeBeanIntegrationTest, locations = '{}', classes = '{class spring.test.TestConfiguration, class spring.test.TestConfiguration}', contextInitializerClasses = '[]', activeProfiles = '{}', propertySourceLocations = '{}', propertySourceProperties = '{org.springframework.boot.test.context.SpringBootTestContextBootstrapper=true}', contextCustomizers = set[org.springframework.boot.test.context.filter.ExcludeFilterContextCustomizer@32502377, org.springframework.boot.test.json.DuplicateJsonObjectContextCustomizerFactory$DuplicateJsonObjectContextCustomizer@66f57048, org.springframework.boot.test.mock.mockito.MockitoContextCustomizer@0, org.springframework.boot.test.web.client.TestRestTemplateContextCustomizer@2dc54ad4, org.springframework.boot.test.autoconfigure.properties.PropertyMappingContextCustomizer@0, org.springframework.boot.test.autoconfigure.web.servlet.WebDriverContextCustomizerFactory$Customizer@5e600dd5], contextLoader = 'org.springframework.boot.test.context.SpringBootContextLoader', parent = [null]], attributes = map[[empty]]]; transaction manager [org.springframework.orm.jpa.JpaTransactionManager@2ff498b0]; rollback [true]
2018-11-30 10:07:21,171 INFO org.springframework.test.context.transaction.TransactionContext [main] Rolled back transaction for test: [DefaultTestContext@c9d0d6 testClass = SomeBeanIntegrationTest, testInstance = spring.test.SomeBeanIntegrationTest@6ce86ce1, testMethod = contextUp@SomeBeanIntegrationTest, testException = [null], mergedContextConfiguration = [MergedContextConfiguration@6ccdb29f testClass = SomeBeanIntegrationTest, locations = '{}', classes = '{class spring.test.TestConfiguration, class spring.test.TestConfiguration}', contextInitializerClasses = '[]', activeProfiles = '{}', propertySourceLocations = '{}', propertySourceProperties = '{org.springframework.boot.test.context.SpringBootTestContextBootstrapper=true}', contextCustomizers = set[org.springframework.boot.test.context.filter.ExcludeFilterContextCustomizer@32502377, org.springframework.boot.test.json.DuplicateJsonObjectContextCustomizerFactory$DuplicateJsonObjectContextCustomizer@66f57048, org.springframework.boot.test.mock.mockito.MockitoContextCustomizer@0, org.springframework.boot.test.web.client.TestRestTemplateContextCustomizer@2dc54ad4, org.springframework.boot.test.autoconfigure.properties.PropertyMappingContextCustomizer@0, org.springframework.boot.test.autoconfigure.web.servlet.WebDriverContextCustomizerFactory$Customizer@5e600dd5], contextLoader = 'org.springframework.boot.test.context.SpringBootContextLoader', parent = [null]], attributes = map[[empty]]]
2018-11-30 10:07:21,176 INFO org.springframework.context.support.AbstractApplicationContext [Thread-1] Closing org.springframework.context.annotation.AnnotationConfigApplicationContext@791cbf87: startup date [Fri Nov 30 10:07:00 CET 2018]; root of context hierarchy
2018-11-30 10:07:21,184 INFO org.springframework.orm.jpa.AbstractEntityManagerFactoryBean [Thread-1] Closing JPA EntityManagerFactory for persistence unit 'default'
2018-11-30 10:07:21,184 INFO org.hibernate.tool.schema.internal.SchemaDropperImpl$DelayedDropActionImpl [Thread-1] HHH000477: Starting delayed drop of schema as part of SessionFactory shut-down'
2018-11-30 10:07:21,185 INFO org.springframework.jdbc.datasource.embedded.EmbeddedDatabaseFactory [Thread-1] Shutting down embedded database: url='jdbc:h2:mem:pvqms;DB_CLOSE_DELAY=-1;DB_CLOSE_ON_EXIT=false'
2018-11-30 10:11:59,431 INFO org.springframework.boot.StartupInfoLogger [main] Starting SomeBeanIntegrationTest on statusquo with PID 4264 (started by tomek in C:\Users\tomek\_MyJavaProjects\_Refresh\CommonConcepts)
2018-11-30 10:11:59,433 INFO org.springframework.boot.SpringApplication [main] No active profile set, falling back to default profiles: default
2018-11-30 10:11:59,453 INFO org.springframework.context.support.AbstractApplicationContext [main] Refreshing org.springframework.context.annotation.AnnotationConfigApplicationContext@5118388b: startup date [Fri Nov 30 10:11:59 CET 2018]; root of context hierarchy
2018-11-30 10:11:59,746 INFO org.springframework.beans.factory.support.DefaultListableBeanFactory [main] Overriding bean definition for bean 'someBean' with a different definition: replacing [Generic bean: class [spring.test.SomeBean]; scope=singleton; abstract=false; lazyInit=false; autowireMode=0; dependencyCheck=0; autowireCandidate=true; primary=false; factoryBeanName=null; factoryMethodName=null; initMethodName=null; destroyMethodName=null; defined in file [C:\Users\tomek\_MyJavaProjects\_Refresh\CommonConcepts\target\classes\spring\test\SomeBean.class]] with [Root bean: class [null]; scope=; abstract=false; lazyInit=false; autowireMode=3; dependencyCheck=0; autowireCandidate=true; primary=false; factoryBeanName=testConfiguration; factoryMethodName=someBean; initMethodName=null; destroyMethodName=(inferred); defined in spring.test.TestConfiguration]
2018-11-30 10:12:00,184 INFO org.springframework.jdbc.datasource.embedded.EmbeddedDatabaseFactory [main] Starting embedded database: url='jdbc:h2:mem:pvqms;DB_CLOSE_DELAY=-1;DB_CLOSE_ON_EXIT=false', username='sa'
2018-11-30 10:12:00,470 INFO org.springframework.orm.jpa.LocalContainerEntityManagerFactoryBean [main] Building JPA container EntityManagerFactory for persistence unit 'default'
2018-11-30 10:12:00,489 INFO org.hibernate.jpa.internal.util.LogHelper [main] HHH000204: Processing PersistenceUnitInfo [
	name: default
	...]
2018-11-30 10:12:00,567 INFO org.hibernate.Version [main] HHH000412: Hibernate Core {5.2.17.Final}
2018-11-30 10:12:00,570 INFO org.hibernate.cfg.Environment [main] HHH000206: hibernate.properties not found
2018-11-30 10:12:00,625 INFO org.hibernate.annotations.common.reflection.java.JavaReflectionManager [main] HCANN000001: Hibernate Commons Annotations {5.0.1.Final}
2018-11-30 10:12:00,766 INFO org.hibernate.dialect.Dialect [main] HHH000400: Using dialect: org.hibernate.dialect.H2Dialect
2018-11-30 10:12:01,139 INFO org.hibernate.tool.schema.internal.SchemaCreatorImpl [main] HHH000476: Executing import script 'org.hibernate.tool.schema.internal.exec.ScriptSourceInputNonExistentImpl@65600fb3'
2018-11-30 10:12:01,143 INFO org.springframework.orm.jpa.AbstractEntityManagerFactoryBean [main] Initialized JPA EntityManagerFactory for persistence unit 'default'
2018-11-30 10:12:01,184 INFO com.datastax.driver.core.Cluster [main] DataStax Java driver 3.6.0 for Apache Cassandra
2018-11-30 10:12:01,190 INFO com.datastax.driver.core.GuavaCompatibility [main] Detected Guava >= 19 in the classpath, using modern compatibility layer
2018-11-30 10:12:01,341 INFO com.datastax.driver.core.Native$LibCLoader [main] Could not load JNR C Library, native system calls through this library will not be available (set this logger level to DEBUG to see the full stack trace).
2018-11-30 10:12:01,342 INFO com.datastax.driver.core.ClockFactory [main] Using java.lang.System clock to generate timestamps.
2018-11-30 10:12:01,634 INFO org.springframework.boot.StartupInfoLogger [main] Started SomeBeanIntegrationTest in 2.63 seconds (JVM running for 3.587)
2018-11-30 10:12:01,655 ERROR org.springframework.test.context.TestContextManager [main] Caught exception while allowing TestExecutionListener [org.springframework.boot.test.autoconfigure.SpringBootDependencyInjectionTestExecutionListener@4ddbbdf8] to prepare test instance [spring.test.SomeBeanIntegrationTest@6cc558c6]
org.springframework.beans.factory.UnsatisfiedDependencyException: Error creating bean with name 'spring.test.SomeBeanIntegrationTest': Unsatisfied dependency expressed through field 'session'; nested exception is org.springframework.beans.factory.NoSuchBeanDefinitionException: No qualifying bean of type 'org.hibernate.Session' available: expected at least 1 bean which qualifies as autowire candidate. Dependency annotations: {@org.springframework.beans.factory.annotation.Autowired(required=true)}
	at org.springframework.beans.factory.annotation.AutowiredAnnotationBeanPostProcessor$AutowiredFieldElement.inject(AutowiredAnnotationBeanPostProcessor.java:586)
	at org.springframework.beans.factory.annotation.InjectionMetadata.inject(InjectionMetadata.java:91)
	at org.springframework.beans.factory.annotation.AutowiredAnnotationBeanPostProcessor.postProcessPropertyValues(AutowiredAnnotationBeanPostProcessor.java:372)
	at org.springframework.beans.factory.support.AbstractAutowireCapableBeanFactory.populateBean(AbstractAutowireCapableBeanFactory.java:1341)
	at org.springframework.beans.factory.support.AbstractAutowireCapableBeanFactory.autowireBeanProperties(AbstractAutowireCapableBeanFactory.java:393)
	at org.springframework.test.context.support.DependencyInjectionTestExecutionListener.injectDependencies(DependencyInjectionTestExecutionListener.java:118)
	at org.springframework.test.context.support.DependencyInjectionTestExecutionListener.prepareTestInstance(DependencyInjectionTestExecutionListener.java:83)
	at org.springframework.boot.test.autoconfigure.SpringBootDependencyInjectionTestExecutionListener.prepareTestInstance(SpringBootDependencyInjectionTestExecutionListener.java:44)
	at org.springframework.test.context.TestContextManager.prepareTestInstance(TestContextManager.java:246)
	at org.springframework.test.context.junit4.SpringJUnit4ClassRunner.createTest(SpringJUnit4ClassRunner.java:227)
	at org.springframework.test.context.junit4.SpringJUnit4ClassRunner$1.runReflectiveCall(SpringJUnit4ClassRunner.java:289)
	at org.junit.internal.runners.model.ReflectiveCallable.run(ReflectiveCallable.java:12)
	at org.springframework.test.context.junit4.SpringJUnit4ClassRunner.methodBlock(SpringJUnit4ClassRunner.java:291)
	at org.springframework.test.context.junit4.SpringJUnit4ClassRunner.runChild(SpringJUnit4ClassRunner.java:246)
	at org.springframework.test.context.junit4.SpringJUnit4ClassRunner.runChild(SpringJUnit4ClassRunner.java:97)
	at org.junit.runners.ParentRunner$3.run(ParentRunner.java:290)
	at org.junit.runners.ParentRunner$1.schedule(ParentRunner.java:71)
	at org.junit.runners.ParentRunner.runChildren(ParentRunner.java:288)
	at org.junit.runners.ParentRunner.access$000(ParentRunner.java:58)
	at org.junit.runners.ParentRunner$2.evaluate(ParentRunner.java:268)
	at org.springframework.test.context.junit4.statements.RunBeforeTestClassCallbacks.evaluate(RunBeforeTestClassCallbacks.java:61)
	at org.springframework.test.context.junit4.statements.RunAfterTestClassCallbacks.evaluate(RunAfterTestClassCallbacks.java:70)
	at org.junit.runners.ParentRunner.run(ParentRunner.java:363)
	at org.springframework.test.context.junit4.SpringJUnit4ClassRunner.run(SpringJUnit4ClassRunner.java:190)
	at org.junit.runner.JUnitCore.run(JUnitCore.java:137)
	at com.intellij.junit4.JUnit4IdeaTestRunner.startRunnerWithArgs(JUnit4IdeaTestRunner.java:68)
	at com.intellij.rt.execution.junit.IdeaTestRunner$Repeater.startRunnerWithArgs(IdeaTestRunner.java:47)
	at com.intellij.rt.execution.junit.JUnitStarter.prepareStreamsAndStart(JUnitStarter.java:242)
	at com.intellij.rt.execution.junit.JUnitStarter.main(JUnitStarter.java:70)
Caused by: org.springframework.beans.factory.NoSuchBeanDefinitionException: No qualifying bean of type 'org.hibernate.Session' available: expected at least 1 bean which qualifies as autowire candidate. Dependency annotations: {@org.springframework.beans.factory.annotation.Autowired(required=true)}
	at org.springframework.beans.factory.support.DefaultListableBeanFactory.raiseNoMatchingBeanFound(DefaultListableBeanFactory.java:1506)
	at org.springframework.beans.factory.support.DefaultListableBeanFactory.doResolveDependency(DefaultListableBeanFactory.java:1101)
	at org.springframework.beans.factory.support.DefaultListableBeanFactory.resolveDependency(DefaultListableBeanFactory.java:1062)
	at org.springframework.beans.factory.annotation.AutowiredAnnotationBeanPostProcessor$AutowiredFieldElement.inject(AutowiredAnnotationBeanPostProcessor.java:583)
	... 28 common frames omitted
2018-11-30 10:12:01,672 INFO org.springframework.context.support.AbstractApplicationContext [Thread-1] Closing org.springframework.context.annotation.AnnotationConfigApplicationContext@5118388b: startup date [Fri Nov 30 10:11:59 CET 2018]; root of context hierarchy
2018-11-30 10:12:01,680 INFO org.springframework.orm.jpa.AbstractEntityManagerFactoryBean [Thread-1] Closing JPA EntityManagerFactory for persistence unit 'default'
2018-11-30 10:12:01,680 INFO org.hibernate.tool.schema.internal.SchemaDropperImpl$DelayedDropActionImpl [Thread-1] HHH000477: Starting delayed drop of schema as part of SessionFactory shut-down'
2018-11-30 10:12:01,682 INFO org.springframework.jdbc.datasource.embedded.EmbeddedDatabaseFactory [Thread-1] Shutting down embedded database: url='jdbc:h2:mem:pvqms;DB_CLOSE_DELAY=-1;DB_CLOSE_ON_EXIT=false'
2018-11-30 10:13:39,687 INFO org.springframework.boot.StartupInfoLogger [main] Starting SomeBeanIntegrationTest on statusquo with PID 4376 (started by tomek in C:\Users\tomek\_MyJavaProjects\_Refresh\CommonConcepts)
2018-11-30 10:13:39,688 INFO org.springframework.boot.SpringApplication [main] No active profile set, falling back to default profiles: default
2018-11-30 10:13:39,709 INFO org.springframework.context.support.AbstractApplicationContext [main] Refreshing org.springframework.context.annotation.AnnotationConfigApplicationContext@5db4c359: startup date [Fri Nov 30 10:13:39 CET 2018]; root of context hierarchy
2018-11-30 10:13:40,046 INFO org.springframework.beans.factory.support.DefaultListableBeanFactory [main] Overriding bean definition for bean 'someBean' with a different definition: replacing [Generic bean: class [spring.test.SomeBean]; scope=singleton; abstract=false; lazyInit=false; autowireMode=0; dependencyCheck=0; autowireCandidate=true; primary=false; factoryBeanName=null; factoryMethodName=null; initMethodName=null; destroyMethodName=null; defined in file [C:\Users\tomek\_MyJavaProjects\_Refresh\CommonConcepts\target\classes\spring\test\SomeBean.class]] with [Root bean: class [null]; scope=; abstract=false; lazyInit=false; autowireMode=3; dependencyCheck=0; autowireCandidate=true; primary=false; factoryBeanName=testConfiguration; factoryMethodName=someBean; initMethodName=null; destroyMethodName=(inferred); defined in spring.test.TestConfiguration]
2018-11-30 10:13:40,451 INFO org.springframework.jdbc.datasource.embedded.EmbeddedDatabaseFactory [main] Starting embedded database: url='jdbc:h2:mem:pvqms;DB_CLOSE_DELAY=-1;DB_CLOSE_ON_EXIT=false', username='sa'
2018-11-30 10:13:40,717 INFO org.springframework.orm.jpa.LocalContainerEntityManagerFactoryBean [main] Building JPA container EntityManagerFactory for persistence unit 'default'
2018-11-30 10:13:40,738 INFO org.hibernate.jpa.internal.util.LogHelper [main] HHH000204: Processing PersistenceUnitInfo [
	name: default
	...]
2018-11-30 10:13:40,820 INFO org.hibernate.Version [main] HHH000412: Hibernate Core {5.2.17.Final}
2018-11-30 10:13:40,821 INFO org.hibernate.cfg.Environment [main] HHH000206: hibernate.properties not found
2018-11-30 10:13:40,881 INFO org.hibernate.annotations.common.reflection.java.JavaReflectionManager [main] HCANN000001: Hibernate Commons Annotations {5.0.1.Final}
2018-11-30 10:13:41,021 INFO org.hibernate.dialect.Dialect [main] HHH000400: Using dialect: org.hibernate.dialect.H2Dialect
2018-11-30 10:13:41,379 INFO org.hibernate.tool.schema.internal.SchemaCreatorImpl [main] HHH000476: Executing import script 'org.hibernate.tool.schema.internal.exec.ScriptSourceInputNonExistentImpl@3ca3648'
2018-11-30 10:13:41,383 INFO org.springframework.orm.jpa.AbstractEntityManagerFactoryBean [main] Initialized JPA EntityManagerFactory for persistence unit 'default'
2018-11-30 10:13:41,419 INFO com.datastax.driver.core.Cluster [main] DataStax Java driver 3.6.0 for Apache Cassandra
2018-11-30 10:13:41,427 INFO com.datastax.driver.core.GuavaCompatibility [main] Detected Guava >= 19 in the classpath, using modern compatibility layer
2018-11-30 10:13:41,572 INFO com.datastax.driver.core.Native$LibCLoader [main] Could not load JNR C Library, native system calls through this library will not be available (set this logger level to DEBUG to see the full stack trace).
2018-11-30 10:13:41,573 INFO com.datastax.driver.core.ClockFactory [main] Using java.lang.System clock to generate timestamps.
2018-11-30 10:13:41,904 INFO org.springframework.boot.StartupInfoLogger [main] Started SomeBeanIntegrationTest in 2.671 seconds (JVM running for 3.539)
2018-11-30 10:13:41,929 ERROR org.springframework.test.context.TestContextManager [main] Caught exception while allowing TestExecutionListener [org.springframework.boot.test.autoconfigure.SpringBootDependencyInjectionTestExecutionListener@345f69f3] to prepare test instance [spring.test.SomeBeanIntegrationTest@14fc1f0]
org.springframework.beans.factory.BeanCreationException: Error creating bean with name 'spring.test.SomeBeanIntegrationTest': Injection of persistence dependencies failed; nested exception is java.lang.IllegalArgumentException: Can not set org.hibernate.Session field spring.test.SomeBeanIntegrationTest.session to com.sun.proxy.$Proxy70
	at org.springframework.orm.jpa.support.PersistenceAnnotationBeanPostProcessor.postProcessPropertyValues(PersistenceAnnotationBeanPostProcessor.java:356)
	at org.springframework.beans.factory.support.AbstractAutowireCapableBeanFactory.populateBean(AbstractAutowireCapableBeanFactory.java:1341)
	at org.springframework.beans.factory.support.AbstractAutowireCapableBeanFactory.autowireBeanProperties(AbstractAutowireCapableBeanFactory.java:393)
	at org.springframework.test.context.support.DependencyInjectionTestExecutionListener.injectDependencies(DependencyInjectionTestExecutionListener.java:118)
	at org.springframework.test.context.support.DependencyInjectionTestExecutionListener.prepareTestInstance(DependencyInjectionTestExecutionListener.java:83)
	at org.springframework.boot.test.autoconfigure.SpringBootDependencyInjectionTestExecutionListener.prepareTestInstance(SpringBootDependencyInjectionTestExecutionListener.java:44)
	at org.springframework.test.context.TestContextManager.prepareTestInstance(TestContextManager.java:246)
	at org.springframework.test.context.junit4.SpringJUnit4ClassRunner.createTest(SpringJUnit4ClassRunner.java:227)
	at org.springframework.test.context.junit4.SpringJUnit4ClassRunner$1.runReflectiveCall(SpringJUnit4ClassRunner.java:289)
	at org.junit.internal.runners.model.ReflectiveCallable.run(ReflectiveCallable.java:12)
	at org.springframework.test.context.junit4.SpringJUnit4ClassRunner.methodBlock(SpringJUnit4ClassRunner.java:291)
	at org.springframework.test.context.junit4.SpringJUnit4ClassRunner.runChild(SpringJUnit4ClassRunner.java:246)
	at org.springframework.test.context.junit4.SpringJUnit4ClassRunner.runChild(SpringJUnit4ClassRunner.java:97)
	at org.junit.runners.ParentRunner$3.run(ParentRunner.java:290)
	at org.junit.runners.ParentRunner$1.schedule(ParentRunner.java:71)
	at org.junit.runners.ParentRunner.runChildren(ParentRunner.java:288)
	at org.junit.runners.ParentRunner.access$000(ParentRunner.java:58)
	at org.junit.runners.ParentRunner$2.evaluate(ParentRunner.java:268)
	at org.springframework.test.context.junit4.statements.RunBeforeTestClassCallbacks.evaluate(RunBeforeTestClassCallbacks.java:61)
	at org.springframework.test.context.junit4.statements.RunAfterTestClassCallbacks.evaluate(RunAfterTestClassCallbacks.java:70)
	at org.junit.runners.ParentRunner.run(ParentRunner.java:363)
	at org.springframework.test.context.junit4.SpringJUnit4ClassRunner.run(SpringJUnit4ClassRunner.java:190)
	at org.junit.runner.JUnitCore.run(JUnitCore.java:137)
	at com.intellij.junit4.JUnit4IdeaTestRunner.startRunnerWithArgs(JUnit4IdeaTestRunner.java:68)
	at com.intellij.rt.execution.junit.IdeaTestRunner$Repeater.startRunnerWithArgs(IdeaTestRunner.java:47)
	at com.intellij.rt.execution.junit.JUnitStarter.prepareStreamsAndStart(JUnitStarter.java:242)
	at com.intellij.rt.execution.junit.JUnitStarter.main(JUnitStarter.java:70)
Caused by: java.lang.IllegalArgumentException: Can not set org.hibernate.Session field spring.test.SomeBeanIntegrationTest.session to com.sun.proxy.$Proxy70
	at java.base/jdk.internal.reflect.UnsafeFieldAccessorImpl.throwSetIllegalArgumentException(UnsafeFieldAccessorImpl.java:167)
	at java.base/jdk.internal.reflect.UnsafeFieldAccessorImpl.throwSetIllegalArgumentException(UnsafeFieldAccessorImpl.java:171)
	at java.base/jdk.internal.reflect.UnsafeObjectFieldAccessorImpl.set(UnsafeObjectFieldAccessorImpl.java:81)
	at java.base/java.lang.reflect.Field.set(Field.java:780)
	at org.springframework.beans.factory.annotation.InjectionMetadata$InjectedElement.inject(InjectionMetadata.java:177)
	at org.springframework.beans.factory.annotation.InjectionMetadata.inject(InjectionMetadata.java:91)
	at org.springframework.orm.jpa.support.PersistenceAnnotationBeanPostProcessor.postProcessPropertyValues(PersistenceAnnotationBeanPostProcessor.java:353)
	... 26 common frames omitted
2018-11-30 10:13:41,947 INFO org.springframework.context.support.AbstractApplicationContext [Thread-1] Closing org.springframework.context.annotation.AnnotationConfigApplicationContext@5db4c359: startup date [Fri Nov 30 10:13:39 CET 2018]; root of context hierarchy
2018-11-30 10:13:41,955 INFO org.springframework.orm.jpa.AbstractEntityManagerFactoryBean [Thread-1] Closing JPA EntityManagerFactory for persistence unit 'default'
2018-11-30 10:13:41,956 INFO org.hibernate.tool.schema.internal.SchemaDropperImpl$DelayedDropActionImpl [Thread-1] HHH000477: Starting delayed drop of schema as part of SessionFactory shut-down'
2018-11-30 10:13:41,957 INFO org.springframework.jdbc.datasource.embedded.EmbeddedDatabaseFactory [Thread-1] Shutting down embedded database: url='jdbc:h2:mem:pvqms;DB_CLOSE_DELAY=-1;DB_CLOSE_ON_EXIT=false'
2018-11-30 10:18:31,603 INFO org.springframework.boot.StartupInfoLogger [main] Starting SomeBeanIntegrationTest on statusquo with PID 2572 (started by tomek in C:\Users\tomek\_MyJavaProjects\_Refresh\CommonConcepts)
2018-11-30 10:18:31,608 INFO org.springframework.boot.SpringApplication [main] No active profile set, falling back to default profiles: default
2018-11-30 10:18:31,630 INFO org.springframework.context.support.AbstractApplicationContext [main] Refreshing org.springframework.context.annotation.AnnotationConfigApplicationContext@7e3f95fe: startup date [Fri Nov 30 10:18:31 CET 2018]; root of context hierarchy
2018-11-30 10:18:31,957 INFO org.springframework.beans.factory.support.DefaultListableBeanFactory [main] Overriding bean definition for bean 'someBean' with a different definition: replacing [Generic bean: class [spring.test.SomeBean]; scope=singleton; abstract=false; lazyInit=false; autowireMode=0; dependencyCheck=0; autowireCandidate=true; primary=false; factoryBeanName=null; factoryMethodName=null; initMethodName=null; destroyMethodName=null; defined in file [C:\Users\tomek\_MyJavaProjects\_Refresh\CommonConcepts\target\classes\spring\test\SomeBean.class]] with [Root bean: class [null]; scope=; abstract=false; lazyInit=false; autowireMode=3; dependencyCheck=0; autowireCandidate=true; primary=false; factoryBeanName=testConfiguration; factoryMethodName=someBean; initMethodName=null; destroyMethodName=(inferred); defined in spring.test.TestConfiguration]
2018-11-30 10:18:32,350 INFO org.springframework.jdbc.datasource.embedded.EmbeddedDatabaseFactory [main] Starting embedded database: url='jdbc:h2:mem:pvqms;DB_CLOSE_DELAY=-1;DB_CLOSE_ON_EXIT=false', username='sa'
2018-11-30 10:18:32,606 INFO org.springframework.orm.jpa.LocalContainerEntityManagerFactoryBean [main] Building JPA container EntityManagerFactory for persistence unit 'default'
2018-11-30 10:18:32,622 INFO org.hibernate.jpa.internal.util.LogHelper [main] HHH000204: Processing PersistenceUnitInfo [
	name: default
	...]
2018-11-30 10:18:32,695 INFO org.hibernate.Version [main] HHH000412: Hibernate Core {5.2.17.Final}
2018-11-30 10:18:32,696 INFO org.hibernate.cfg.Environment [main] HHH000206: hibernate.properties not found
2018-11-30 10:18:32,740 INFO org.hibernate.annotations.common.reflection.java.JavaReflectionManager [main] HCANN000001: Hibernate Commons Annotations {5.0.1.Final}
2018-11-30 10:18:32,856 INFO org.hibernate.dialect.Dialect [main] HHH000400: Using dialect: org.hibernate.dialect.H2Dialect
2018-11-30 10:18:33,161 INFO org.hibernate.tool.schema.internal.SchemaCreatorImpl [main] HHH000476: Executing import script 'org.hibernate.tool.schema.internal.exec.ScriptSourceInputNonExistentImpl@256a0d95'
2018-11-30 10:18:33,164 INFO org.springframework.orm.jpa.AbstractEntityManagerFactoryBean [main] Initialized JPA EntityManagerFactory for persistence unit 'default'
2018-11-30 10:18:33,195 INFO com.datastax.driver.core.Cluster [main] DataStax Java driver 3.6.0 for Apache Cassandra
2018-11-30 10:18:33,201 INFO com.datastax.driver.core.GuavaCompatibility [main] Detected Guava >= 19 in the classpath, using modern compatibility layer
2018-11-30 10:18:33,307 INFO com.datastax.driver.core.Native$LibCLoader [main] Could not load JNR C Library, native system calls through this library will not be available (set this logger level to DEBUG to see the full stack trace).
2018-11-30 10:18:33,308 INFO com.datastax.driver.core.ClockFactory [main] Using java.lang.System clock to generate timestamps.
2018-11-30 10:18:33,535 INFO org.springframework.boot.StartupInfoLogger [main] Started SomeBeanIntegrationTest in 2.332 seconds (JVM running for 3.103)
2018-11-30 10:18:33,559 ERROR org.springframework.test.context.TestContextManager [main] Caught exception while allowing TestExecutionListener [org.springframework.boot.test.autoconfigure.SpringBootDependencyInjectionTestExecutionListener@2cb2fc20] to prepare test instance [spring.test.SomeBeanIntegrationTest@275bf9b3]
org.springframework.beans.factory.BeanCreationException: Error creating bean with name 'spring.test.SomeBeanIntegrationTest': Injection of persistence dependencies failed; nested exception is java.lang.IllegalArgumentException: Can not set org.hibernate.Session field spring.test.SomeBeanIntegrationTest.session to com.sun.proxy.$Proxy71
	at org.springframework.orm.jpa.support.PersistenceAnnotationBeanPostProcessor.postProcessPropertyValues(PersistenceAnnotationBeanPostProcessor.java:356)
	at org.springframework.beans.factory.support.AbstractAutowireCapableBeanFactory.populateBean(AbstractAutowireCapableBeanFactory.java:1341)
	at org.springframework.beans.factory.support.AbstractAutowireCapableBeanFactory.autowireBeanProperties(AbstractAutowireCapableBeanFactory.java:393)
	at org.springframework.test.context.support.DependencyInjectionTestExecutionListener.injectDependencies(DependencyInjectionTestExecutionListener.java:118)
	at org.springframework.test.context.support.DependencyInjectionTestExecutionListener.prepareTestInstance(DependencyInjectionTestExecutionListener.java:83)
	at org.springframework.boot.test.autoconfigure.SpringBootDependencyInjectionTestExecutionListener.prepareTestInstance(SpringBootDependencyInjectionTestExecutionListener.java:44)
	at org.springframework.test.context.TestContextManager.prepareTestInstance(TestContextManager.java:246)
	at org.springframework.test.context.junit4.SpringJUnit4ClassRunner.createTest(SpringJUnit4ClassRunner.java:227)
	at org.springframework.test.context.junit4.SpringJUnit4ClassRunner$1.runReflectiveCall(SpringJUnit4ClassRunner.java:289)
	at org.junit.internal.runners.model.ReflectiveCallable.run(ReflectiveCallable.java:12)
	at org.springframework.test.context.junit4.SpringJUnit4ClassRunner.methodBlock(SpringJUnit4ClassRunner.java:291)
	at org.springframework.test.context.junit4.SpringJUnit4ClassRunner.runChild(SpringJUnit4ClassRunner.java:246)
	at org.springframework.test.context.junit4.SpringJUnit4ClassRunner.runChild(SpringJUnit4ClassRunner.java:97)
	at org.junit.runners.ParentRunner$3.run(ParentRunner.java:290)
	at org.junit.runners.ParentRunner$1.schedule(ParentRunner.java:71)
	at org.junit.runners.ParentRunner.runChildren(ParentRunner.java:288)
	at org.junit.runners.ParentRunner.access$000(ParentRunner.java:58)
	at org.junit.runners.ParentRunner$2.evaluate(ParentRunner.java:268)
	at org.springframework.test.context.junit4.statements.RunBeforeTestClassCallbacks.evaluate(RunBeforeTestClassCallbacks.java:61)
	at org.springframework.test.context.junit4.statements.RunAfterTestClassCallbacks.evaluate(RunAfterTestClassCallbacks.java:70)
	at org.junit.runners.ParentRunner.run(ParentRunner.java:363)
	at org.springframework.test.context.junit4.SpringJUnit4ClassRunner.run(SpringJUnit4ClassRunner.java:190)
	at org.junit.runner.JUnitCore.run(JUnitCore.java:137)
	at com.intellij.junit4.JUnit4IdeaTestRunner.startRunnerWithArgs(JUnit4IdeaTestRunner.java:68)
	at com.intellij.rt.execution.junit.IdeaTestRunner$Repeater.startRunnerWithArgs(IdeaTestRunner.java:47)
	at com.intellij.rt.execution.junit.JUnitStarter.prepareStreamsAndStart(JUnitStarter.java:242)
	at com.intellij.rt.execution.junit.JUnitStarter.main(JUnitStarter.java:70)
Caused by: java.lang.IllegalArgumentException: Can not set org.hibernate.Session field spring.test.SomeBeanIntegrationTest.session to com.sun.proxy.$Proxy71
	at java.base/jdk.internal.reflect.UnsafeFieldAccessorImpl.throwSetIllegalArgumentException(UnsafeFieldAccessorImpl.java:167)
	at java.base/jdk.internal.reflect.UnsafeFieldAccessorImpl.throwSetIllegalArgumentException(UnsafeFieldAccessorImpl.java:171)
	at java.base/jdk.internal.reflect.UnsafeObjectFieldAccessorImpl.set(UnsafeObjectFieldAccessorImpl.java:81)
	at java.base/java.lang.reflect.Field.set(Field.java:780)
	at org.springframework.beans.factory.annotation.InjectionMetadata$InjectedElement.inject(InjectionMetadata.java:177)
	at org.springframework.beans.factory.annotation.InjectionMetadata.inject(InjectionMetadata.java:91)
	at org.springframework.orm.jpa.support.PersistenceAnnotationBeanPostProcessor.postProcessPropertyValues(PersistenceAnnotationBeanPostProcessor.java:353)
	... 26 common frames omitted
2018-11-30 10:18:33,569 INFO org.springframework.context.support.AbstractApplicationContext [Thread-1] Closing org.springframework.context.annotation.AnnotationConfigApplicationContext@7e3f95fe: startup date [Fri Nov 30 10:18:31 CET 2018]; root of context hierarchy
2018-11-30 10:18:33,574 INFO org.springframework.orm.jpa.AbstractEntityManagerFactoryBean [Thread-1] Closing JPA EntityManagerFactory for persistence unit 'default'
2018-11-30 10:18:33,574 INFO org.hibernate.tool.schema.internal.SchemaDropperImpl$DelayedDropActionImpl [Thread-1] HHH000477: Starting delayed drop of schema as part of SessionFactory shut-down'
2018-11-30 10:18:33,575 INFO org.springframework.jdbc.datasource.embedded.EmbeddedDatabaseFactory [Thread-1] Shutting down embedded database: url='jdbc:h2:mem:pvqms;DB_CLOSE_DELAY=-1;DB_CLOSE_ON_EXIT=false'
2018-11-30 10:19:00,781 INFO org.springframework.boot.StartupInfoLogger [main] Starting SomeBeanIntegrationTest on statusquo with PID 1152 (started by tomek in C:\Users\tomek\_MyJavaProjects\_Refresh\CommonConcepts)
2018-11-30 10:19:00,783 INFO org.springframework.boot.SpringApplication [main] No active profile set, falling back to default profiles: default
2018-11-30 10:19:00,797 INFO org.springframework.context.support.AbstractApplicationContext [main] Refreshing org.springframework.context.annotation.AnnotationConfigApplicationContext@4e517165: startup date [Fri Nov 30 10:19:00 CET 2018]; root of context hierarchy
2018-11-30 10:19:01,071 INFO org.springframework.beans.factory.support.DefaultListableBeanFactory [main] Overriding bean definition for bean 'someBean' with a different definition: replacing [Generic bean: class [spring.test.SomeBean]; scope=singleton; abstract=false; lazyInit=false; autowireMode=0; dependencyCheck=0; autowireCandidate=true; primary=false; factoryBeanName=null; factoryMethodName=null; initMethodName=null; destroyMethodName=null; defined in file [C:\Users\tomek\_MyJavaProjects\_Refresh\CommonConcepts\target\classes\spring\test\SomeBean.class]] with [Root bean: class [null]; scope=; abstract=false; lazyInit=false; autowireMode=3; dependencyCheck=0; autowireCandidate=true; primary=false; factoryBeanName=testConfiguration; factoryMethodName=someBean; initMethodName=null; destroyMethodName=(inferred); defined in spring.test.TestConfiguration]
2018-11-30 10:19:01,429 INFO org.springframework.jdbc.datasource.embedded.EmbeddedDatabaseFactory [main] Starting embedded database: url='jdbc:h2:mem:pvqms;DB_CLOSE_DELAY=-1;DB_CLOSE_ON_EXIT=false', username='sa'
2018-11-30 10:19:01,678 INFO org.springframework.orm.jpa.LocalContainerEntityManagerFactoryBean [main] Building JPA container EntityManagerFactory for persistence unit 'default'
2018-11-30 10:19:01,700 INFO org.hibernate.jpa.internal.util.LogHelper [main] HHH000204: Processing PersistenceUnitInfo [
	name: default
	...]
2018-11-30 10:19:01,778 INFO org.hibernate.Version [main] HHH000412: Hibernate Core {5.2.17.Final}
2018-11-30 10:19:01,780 INFO org.hibernate.cfg.Environment [main] HHH000206: hibernate.properties not found
2018-11-30 10:19:01,826 INFO org.hibernate.annotations.common.reflection.java.JavaReflectionManager [main] HCANN000001: Hibernate Commons Annotations {5.0.1.Final}
2018-11-30 10:19:01,960 INFO org.hibernate.dialect.Dialect [main] HHH000400: Using dialect: org.hibernate.dialect.H2Dialect
2018-11-30 10:19:02,279 INFO org.hibernate.tool.schema.internal.SchemaCreatorImpl [main] HHH000476: Executing import script 'org.hibernate.tool.schema.internal.exec.ScriptSourceInputNonExistentImpl@9cfc77'
2018-11-30 10:19:02,283 INFO org.springframework.orm.jpa.AbstractEntityManagerFactoryBean [main] Initialized JPA EntityManagerFactory for persistence unit 'default'
2018-11-30 10:19:02,317 INFO com.datastax.driver.core.Cluster [main] DataStax Java driver 3.6.0 for Apache Cassandra
2018-11-30 10:19:02,324 INFO com.datastax.driver.core.GuavaCompatibility [main] Detected Guava >= 19 in the classpath, using modern compatibility layer
2018-11-30 10:19:02,454 INFO com.datastax.driver.core.Native$LibCLoader [main] Could not load JNR C Library, native system calls through this library will not be available (set this logger level to DEBUG to see the full stack trace).
2018-11-30 10:19:02,455 INFO com.datastax.driver.core.ClockFactory [main] Using java.lang.System clock to generate timestamps.
2018-11-30 10:19:02,724 INFO org.springframework.boot.StartupInfoLogger [main] Started SomeBeanIntegrationTest in 2.358 seconds (JVM running for 3.113)
2018-11-30 10:19:02,744 ERROR org.springframework.test.context.TestContextManager [main] Caught exception while allowing TestExecutionListener [org.springframework.boot.test.autoconfigure.SpringBootDependencyInjectionTestExecutionListener@7b993c65] to prepare test instance [spring.test.SomeBeanIntegrationTest@14fa86ae]
org.springframework.beans.factory.BeanCreationException: Error creating bean with name 'spring.test.SomeBeanIntegrationTest': Injection of persistence dependencies failed; nested exception is java.lang.IllegalArgumentException: Can not set org.hibernate.SessionFactory field spring.test.SomeBeanIntegrationTest.sessionFactory to com.sun.proxy.$Proxy68
	at org.springframework.orm.jpa.support.PersistenceAnnotationBeanPostProcessor.postProcessPropertyValues(PersistenceAnnotationBeanPostProcessor.java:356)
	at org.springframework.beans.factory.support.AbstractAutowireCapableBeanFactory.populateBean(AbstractAutowireCapableBeanFactory.java:1341)
	at org.springframework.beans.factory.support.AbstractAutowireCapableBeanFactory.autowireBeanProperties(AbstractAutowireCapableBeanFactory.java:393)
	at org.springframework.test.context.support.DependencyInjectionTestExecutionListener.injectDependencies(DependencyInjectionTestExecutionListener.java:118)
	at org.springframework.test.context.support.DependencyInjectionTestExecutionListener.prepareTestInstance(DependencyInjectionTestExecutionListener.java:83)
	at org.springframework.boot.test.autoconfigure.SpringBootDependencyInjectionTestExecutionListener.prepareTestInstance(SpringBootDependencyInjectionTestExecutionListener.java:44)
	at org.springframework.test.context.TestContextManager.prepareTestInstance(TestContextManager.java:246)
	at org.springframework.test.context.junit4.SpringJUnit4ClassRunner.createTest(SpringJUnit4ClassRunner.java:227)
	at org.springframework.test.context.junit4.SpringJUnit4ClassRunner$1.runReflectiveCall(SpringJUnit4ClassRunner.java:289)
	at org.junit.internal.runners.model.ReflectiveCallable.run(ReflectiveCallable.java:12)
	at org.springframework.test.context.junit4.SpringJUnit4ClassRunner.methodBlock(SpringJUnit4ClassRunner.java:291)
	at org.springframework.test.context.junit4.SpringJUnit4ClassRunner.runChild(SpringJUnit4ClassRunner.java:246)
	at org.springframework.test.context.junit4.SpringJUnit4ClassRunner.runChild(SpringJUnit4ClassRunner.java:97)
	at org.junit.runners.ParentRunner$3.run(ParentRunner.java:290)
	at org.junit.runners.ParentRunner$1.schedule(ParentRunner.java:71)
	at org.junit.runners.ParentRunner.runChildren(ParentRunner.java:288)
	at org.junit.runners.ParentRunner.access$000(ParentRunner.java:58)
	at org.junit.runners.ParentRunner$2.evaluate(ParentRunner.java:268)
	at org.springframework.test.context.junit4.statements.RunBeforeTestClassCallbacks.evaluate(RunBeforeTestClassCallbacks.java:61)
	at org.springframework.test.context.junit4.statements.RunAfterTestClassCallbacks.evaluate(RunAfterTestClassCallbacks.java:70)
	at org.junit.runners.ParentRunner.run(ParentRunner.java:363)
	at org.springframework.test.context.junit4.SpringJUnit4ClassRunner.run(SpringJUnit4ClassRunner.java:190)
	at org.junit.runner.JUnitCore.run(JUnitCore.java:137)
	at com.intellij.junit4.JUnit4IdeaTestRunner.startRunnerWithArgs(JUnit4IdeaTestRunner.java:68)
	at com.intellij.rt.execution.junit.IdeaTestRunner$Repeater.startRunnerWithArgs(IdeaTestRunner.java:47)
	at com.intellij.rt.execution.junit.JUnitStarter.prepareStreamsAndStart(JUnitStarter.java:242)
	at com.intellij.rt.execution.junit.JUnitStarter.main(JUnitStarter.java:70)
Caused by: java.lang.IllegalArgumentException: Can not set org.hibernate.SessionFactory field spring.test.SomeBeanIntegrationTest.sessionFactory to com.sun.proxy.$Proxy68
	at java.base/jdk.internal.reflect.UnsafeFieldAccessorImpl.throwSetIllegalArgumentException(UnsafeFieldAccessorImpl.java:167)
	at java.base/jdk.internal.reflect.UnsafeFieldAccessorImpl.throwSetIllegalArgumentException(UnsafeFieldAccessorImpl.java:171)
	at java.base/jdk.internal.reflect.UnsafeObjectFieldAccessorImpl.set(UnsafeObjectFieldAccessorImpl.java:81)
	at java.base/java.lang.reflect.Field.set(Field.java:780)
	at org.springframework.beans.factory.annotation.InjectionMetadata$InjectedElement.inject(InjectionMetadata.java:177)
	at org.springframework.beans.factory.annotation.InjectionMetadata.inject(InjectionMetadata.java:91)
	at org.springframework.orm.jpa.support.PersistenceAnnotationBeanPostProcessor.postProcessPropertyValues(PersistenceAnnotationBeanPostProcessor.java:353)
	... 26 common frames omitted
2018-11-30 10:19:02,756 INFO org.springframework.context.support.AbstractApplicationContext [Thread-1] Closing org.springframework.context.annotation.AnnotationConfigApplicationContext@4e517165: startup date [Fri Nov 30 10:19:00 CET 2018]; root of context hierarchy
2018-11-30 10:19:02,762 INFO org.springframework.orm.jpa.AbstractEntityManagerFactoryBean [Thread-1] Closing JPA EntityManagerFactory for persistence unit 'default'
2018-11-30 10:19:02,763 INFO org.hibernate.tool.schema.internal.SchemaDropperImpl$DelayedDropActionImpl [Thread-1] HHH000477: Starting delayed drop of schema as part of SessionFactory shut-down'
2018-11-30 10:19:02,764 INFO org.springframework.jdbc.datasource.embedded.EmbeddedDatabaseFactory [Thread-1] Shutting down embedded database: url='jdbc:h2:mem:pvqms;DB_CLOSE_DELAY=-1;DB_CLOSE_ON_EXIT=false'
2018-11-30 10:23:28,203 INFO org.springframework.boot.StartupInfoLogger [main] Starting SomeBeanIntegrationTest on statusquo with PID 13788 (started by tomek in C:\Users\tomek\_MyJavaProjects\_Refresh\CommonConcepts)
2018-11-30 10:23:28,204 INFO org.springframework.boot.SpringApplication [main] No active profile set, falling back to default profiles: default
2018-11-30 10:23:28,229 INFO org.springframework.context.support.AbstractApplicationContext [main] Refreshing org.springframework.context.annotation.AnnotationConfigApplicationContext@3383649e: startup date [Fri Nov 30 10:23:28 CET 2018]; root of context hierarchy
2018-11-30 10:23:28,568 INFO org.springframework.beans.factory.support.DefaultListableBeanFactory [main] Overriding bean definition for bean 'someBean' with a different definition: replacing [Generic bean: class [spring.test.SomeBean]; scope=singleton; abstract=false; lazyInit=false; autowireMode=0; dependencyCheck=0; autowireCandidate=true; primary=false; factoryBeanName=null; factoryMethodName=null; initMethodName=null; destroyMethodName=null; defined in file [C:\Users\tomek\_MyJavaProjects\_Refresh\CommonConcepts\target\classes\spring\test\SomeBean.class]] with [Root bean: class [null]; scope=; abstract=false; lazyInit=false; autowireMode=3; dependencyCheck=0; autowireCandidate=true; primary=false; factoryBeanName=testConfiguration; factoryMethodName=someBean; initMethodName=null; destroyMethodName=(inferred); defined in spring.test.TestConfiguration]
2018-11-30 10:23:28,921 INFO org.springframework.jdbc.datasource.embedded.EmbeddedDatabaseFactory [main] Starting embedded database: url='jdbc:h2:mem:pvqms;DB_CLOSE_DELAY=-1;DB_CLOSE_ON_EXIT=false', username='sa'
2018-11-30 10:23:29,177 INFO org.springframework.orm.jpa.LocalContainerEntityManagerFactoryBean [main] Building JPA container EntityManagerFactory for persistence unit 'default'
2018-11-30 10:23:29,202 INFO org.hibernate.jpa.internal.util.LogHelper [main] HHH000204: Processing PersistenceUnitInfo [
	name: default
	...]
2018-11-30 10:23:29,278 INFO org.hibernate.Version [main] HHH000412: Hibernate Core {5.2.17.Final}
2018-11-30 10:23:29,280 INFO org.hibernate.cfg.Environment [main] HHH000206: hibernate.properties not found
2018-11-30 10:23:29,321 INFO org.hibernate.annotations.common.reflection.java.JavaReflectionManager [main] HCANN000001: Hibernate Commons Annotations {5.0.1.Final}
2018-11-30 10:23:29,440 INFO org.hibernate.dialect.Dialect [main] HHH000400: Using dialect: org.hibernate.dialect.H2Dialect
2018-11-30 10:23:29,733 INFO org.hibernate.tool.schema.internal.SchemaCreatorImpl [main] HHH000476: Executing import script 'org.hibernate.tool.schema.internal.exec.ScriptSourceInputNonExistentImpl@6b8d54da'
2018-11-30 10:23:29,737 INFO org.springframework.orm.jpa.AbstractEntityManagerFactoryBean [main] Initialized JPA EntityManagerFactory for persistence unit 'default'
2018-11-30 10:23:29,766 INFO com.datastax.driver.core.Cluster [main] DataStax Java driver 3.6.0 for Apache Cassandra
2018-11-30 10:23:29,772 INFO com.datastax.driver.core.GuavaCompatibility [main] Detected Guava >= 19 in the classpath, using modern compatibility layer
2018-11-30 10:23:29,886 INFO com.datastax.driver.core.Native$LibCLoader [main] Could not load JNR C Library, native system calls through this library will not be available (set this logger level to DEBUG to see the full stack trace).
2018-11-30 10:23:29,887 INFO com.datastax.driver.core.ClockFactory [main] Using java.lang.System clock to generate timestamps.
2018-11-30 10:23:30,116 INFO org.springframework.boot.StartupInfoLogger [main] Started SomeBeanIntegrationTest in 2.311 seconds (JVM running for 3.068)
2018-11-30 10:23:30,198 INFO org.springframework.test.context.transaction.TransactionContext [main] Began transaction (1) for test context [DefaultTestContext@1187c9e8 testClass = SomeBeanIntegrationTest, testInstance = spring.test.SomeBeanIntegrationTest@46271dd6, testMethod = contextUp@SomeBeanIntegrationTest, testException = [null], mergedContextConfiguration = [MergedContextConfiguration@127a7a2e testClass = SomeBeanIntegrationTest, locations = '{}', classes = '{class spring.test.TestConfiguration, class spring.test.TestConfiguration}', contextInitializerClasses = '[]', activeProfiles = '{}', propertySourceLocations = '{}', propertySourceProperties = '{org.springframework.boot.test.context.SpringBootTestContextBootstrapper=true}', contextCustomizers = set[org.springframework.boot.test.context.filter.ExcludeFilterContextCustomizer@152aa092, org.springframework.boot.test.json.DuplicateJsonObjectContextCustomizerFactory$DuplicateJsonObjectContextCustomizer@776b83cc, org.springframework.boot.test.mock.mockito.MockitoContextCustomizer@0, org.springframework.boot.test.web.client.TestRestTemplateContextCustomizer@6a370f4, org.springframework.boot.test.autoconfigure.properties.PropertyMappingContextCustomizer@0, org.springframework.boot.test.autoconfigure.web.servlet.WebDriverContextCustomizerFactory$Customizer@c333c60], contextLoader = 'org.springframework.boot.test.context.SpringBootContextLoader', parent = [null]], attributes = map[[empty]]]; transaction manager [org.springframework.orm.jpa.JpaTransactionManager@26275b46]; rollback [true]
2018-11-30 10:23:30,262 INFO org.springframework.test.context.transaction.TransactionContext [main] Rolled back transaction for test: [DefaultTestContext@1187c9e8 testClass = SomeBeanIntegrationTest, testInstance = spring.test.SomeBeanIntegrationTest@46271dd6, testMethod = contextUp@SomeBeanIntegrationTest, testException = [null], mergedContextConfiguration = [MergedContextConfiguration@127a7a2e testClass = SomeBeanIntegrationTest, locations = '{}', classes = '{class spring.test.TestConfiguration, class spring.test.TestConfiguration}', contextInitializerClasses = '[]', activeProfiles = '{}', propertySourceLocations = '{}', propertySourceProperties = '{org.springframework.boot.test.context.SpringBootTestContextBootstrapper=true}', contextCustomizers = set[org.springframework.boot.test.context.filter.ExcludeFilterContextCustomizer@152aa092, org.springframework.boot.test.json.DuplicateJsonObjectContextCustomizerFactory$DuplicateJsonObjectContextCustomizer@776b83cc, org.springframework.boot.test.mock.mockito.MockitoContextCustomizer@0, org.springframework.boot.test.web.client.TestRestTemplateContextCustomizer@6a370f4, org.springframework.boot.test.autoconfigure.properties.PropertyMappingContextCustomizer@0, org.springframework.boot.test.autoconfigure.web.servlet.WebDriverContextCustomizerFactory$Customizer@c333c60], contextLoader = 'org.springframework.boot.test.context.SpringBootContextLoader', parent = [null]], attributes = map[[empty]]]
2018-11-30 10:23:30,264 INFO org.springframework.context.support.AbstractApplicationContext [Thread-1] Closing org.springframework.context.annotation.AnnotationConfigApplicationContext@3383649e: startup date [Fri Nov 30 10:23:28 CET 2018]; root of context hierarchy
2018-11-30 10:23:30,270 INFO org.springframework.orm.jpa.AbstractEntityManagerFactoryBean [Thread-1] Closing JPA EntityManagerFactory for persistence unit 'default'
2018-11-30 10:23:30,270 INFO org.hibernate.tool.schema.internal.SchemaDropperImpl$DelayedDropActionImpl [Thread-1] HHH000477: Starting delayed drop of schema as part of SessionFactory shut-down'
2018-11-30 10:23:30,271 INFO org.springframework.jdbc.datasource.embedded.EmbeddedDatabaseFactory [Thread-1] Shutting down embedded database: url='jdbc:h2:mem:pvqms;DB_CLOSE_DELAY=-1;DB_CLOSE_ON_EXIT=false'
2018-11-30 10:45:22,273 INFO org.springframework.boot.StartupInfoLogger [main] Starting SomeBeanIntegrationTest on statusquo with PID 13692 (started by tomek in C:\Users\tomek\_MyJavaProjects\_Refresh\CommonConcepts)
2018-11-30 10:45:22,275 INFO org.springframework.boot.SpringApplication [main] No active profile set, falling back to default profiles: default
2018-11-30 10:45:22,295 INFO org.springframework.context.support.AbstractApplicationContext [main] Refreshing org.springframework.context.annotation.AnnotationConfigApplicationContext@3383649e: startup date [Fri Nov 30 10:45:22 CET 2018]; root of context hierarchy
2018-11-30 10:45:22,596 INFO org.springframework.beans.factory.support.DefaultListableBeanFactory [main] Overriding bean definition for bean 'someBean' with a different definition: replacing [Generic bean: class [spring.test.SomeBean]; scope=singleton; abstract=false; lazyInit=false; autowireMode=0; dependencyCheck=0; autowireCandidate=true; primary=false; factoryBeanName=null; factoryMethodName=null; initMethodName=null; destroyMethodName=null; defined in file [C:\Users\tomek\_MyJavaProjects\_Refresh\CommonConcepts\target\classes\spring\test\SomeBean.class]] with [Root bean: class [null]; scope=; abstract=false; lazyInit=false; autowireMode=3; dependencyCheck=0; autowireCandidate=true; primary=false; factoryBeanName=testConfiguration; factoryMethodName=someBean; initMethodName=null; destroyMethodName=(inferred); defined in spring.test.TestConfiguration]
2018-11-30 10:45:22,947 INFO org.springframework.jdbc.datasource.embedded.EmbeddedDatabaseFactory [main] Starting embedded database: url='jdbc:h2:mem:pvqms;DB_CLOSE_DELAY=-1;DB_CLOSE_ON_EXIT=false', username='sa'
2018-11-30 10:45:23,088 INFO org.springframework.jdbc.datasource.init.ScriptUtils [main] Executing SQL script from URL [file:/C:/Users/tomek/_MyJavaProjects/_Refresh/CommonConcepts/target/test-classes/schema.sql]
2018-11-30 10:45:23,098 INFO org.springframework.jdbc.datasource.init.ScriptUtils [main] Executed SQL script from URL [file:/C:/Users/tomek/_MyJavaProjects/_Refresh/CommonConcepts/target/test-classes/schema.sql] in 9 ms.
2018-11-30 10:45:23,100 INFO org.springframework.jdbc.datasource.init.ScriptUtils [main] Executing SQL script from URL [file:/C:/Users/tomek/_MyJavaProjects/_Refresh/CommonConcepts/target/test-classes/data.sql]
2018-11-30 10:45:23,104 INFO org.springframework.jdbc.datasource.init.ScriptUtils [main] Executed SQL script from URL [file:/C:/Users/tomek/_MyJavaProjects/_Refresh/CommonConcepts/target/test-classes/data.sql] in 3 ms.
2018-11-30 10:45:23,220 INFO org.springframework.orm.jpa.LocalContainerEntityManagerFactoryBean [main] Building JPA container EntityManagerFactory for persistence unit 'default'
2018-11-30 10:45:23,244 INFO org.hibernate.jpa.internal.util.LogHelper [main] HHH000204: Processing PersistenceUnitInfo [
	name: default
	...]
2018-11-30 10:45:23,318 INFO org.hibernate.Version [main] HHH000412: Hibernate Core {5.2.17.Final}
2018-11-30 10:45:23,321 INFO org.hibernate.cfg.Environment [main] HHH000206: hibernate.properties not found
2018-11-30 10:45:23,363 INFO org.hibernate.annotations.common.reflection.java.JavaReflectionManager [main] HCANN000001: Hibernate Commons Annotations {5.0.1.Final}
2018-11-30 10:45:23,485 INFO org.hibernate.dialect.Dialect [main] HHH000400: Using dialect: org.hibernate.dialect.H2Dialect
2018-11-30 10:45:23,794 INFO org.hibernate.tool.schema.internal.SchemaCreatorImpl [main] HHH000476: Executing import script 'org.hibernate.tool.schema.internal.exec.ScriptSourceInputNonExistentImpl@1142d377'
2018-11-30 10:45:23,797 INFO org.springframework.orm.jpa.AbstractEntityManagerFactoryBean [main] Initialized JPA EntityManagerFactory for persistence unit 'default'
2018-11-30 10:45:23,833 INFO com.datastax.driver.core.Cluster [main] DataStax Java driver 3.6.0 for Apache Cassandra
2018-11-30 10:45:23,841 INFO com.datastax.driver.core.GuavaCompatibility [main] Detected Guava >= 19 in the classpath, using modern compatibility layer
2018-11-30 10:45:23,967 INFO com.datastax.driver.core.Native$LibCLoader [main] Could not load JNR C Library, native system calls through this library will not be available (set this logger level to DEBUG to see the full stack trace).
2018-11-30 10:45:23,968 INFO com.datastax.driver.core.ClockFactory [main] Using java.lang.System clock to generate timestamps.
2018-11-30 10:45:24,195 INFO org.springframework.boot.StartupInfoLogger [main] Started SomeBeanIntegrationTest in 2.349 seconds (JVM running for 3.154)
2018-11-30 10:45:24,293 INFO org.springframework.test.context.transaction.TransactionContext [main] Began transaction (1) for test context [DefaultTestContext@1187c9e8 testClass = SomeBeanIntegrationTest, testInstance = spring.test.SomeBeanIntegrationTest@46271dd6, testMethod = contextUp@SomeBeanIntegrationTest, testException = [null], mergedContextConfiguration = [MergedContextConfiguration@127a7a2e testClass = SomeBeanIntegrationTest, locations = '{}', classes = '{class spring.test.TestConfiguration, class spring.test.TestConfiguration}', contextInitializerClasses = '[]', activeProfiles = '{}', propertySourceLocations = '{}', propertySourceProperties = '{org.springframework.boot.test.context.SpringBootTestContextBootstrapper=true}', contextCustomizers = set[org.springframework.boot.test.context.filter.ExcludeFilterContextCustomizer@152aa092, org.springframework.boot.test.json.DuplicateJsonObjectContextCustomizerFactory$DuplicateJsonObjectContextCustomizer@776b83cc, org.springframework.boot.test.mock.mockito.MockitoContextCustomizer@0, org.springframework.boot.test.web.client.TestRestTemplateContextCustomizer@6a370f4, org.springframework.boot.test.autoconfigure.properties.PropertyMappingContextCustomizer@0, org.springframework.boot.test.autoconfigure.web.servlet.WebDriverContextCustomizerFactory$Customizer@c333c60], contextLoader = 'org.springframework.boot.test.context.SpringBootContextLoader', parent = [null]], attributes = map[[empty]]]; transaction manager [org.springframework.orm.jpa.JpaTransactionManager@65f3e805]; rollback [true]
2018-11-30 10:45:24,403 INFO org.springframework.test.context.transaction.TransactionContext [main] Rolled back transaction for test: [DefaultTestContext@1187c9e8 testClass = SomeBeanIntegrationTest, testInstance = spring.test.SomeBeanIntegrationTest@46271dd6, testMethod = contextUp@SomeBeanIntegrationTest, testException = java.lang.ClassCastException: java.base/java.math.BigInteger cannot be cast to java.base/java.lang.Integer, mergedContextConfiguration = [MergedContextConfiguration@127a7a2e testClass = SomeBeanIntegrationTest, locations = '{}', classes = '{class spring.test.TestConfiguration, class spring.test.TestConfiguration}', contextInitializerClasses = '[]', activeProfiles = '{}', propertySourceLocations = '{}', propertySourceProperties = '{org.springframework.boot.test.context.SpringBootTestContextBootstrapper=true}', contextCustomizers = set[org.springframework.boot.test.context.filter.ExcludeFilterContextCustomizer@152aa092, org.springframework.boot.test.json.DuplicateJsonObjectContextCustomizerFactory$DuplicateJsonObjectContextCustomizer@776b83cc, org.springframework.boot.test.mock.mockito.MockitoContextCustomizer@0, org.springframework.boot.test.web.client.TestRestTemplateContextCustomizer@6a370f4, org.springframework.boot.test.autoconfigure.properties.PropertyMappingContextCustomizer@0, org.springframework.boot.test.autoconfigure.web.servlet.WebDriverContextCustomizerFactory$Customizer@c333c60], contextLoader = 'org.springframework.boot.test.context.SpringBootContextLoader', parent = [null]], attributes = map[[empty]]]
2018-11-30 10:45:24,409 INFO org.springframework.context.support.AbstractApplicationContext [Thread-1] Closing org.springframework.context.annotation.AnnotationConfigApplicationContext@3383649e: startup date [Fri Nov 30 10:45:22 CET 2018]; root of context hierarchy
2018-11-30 10:45:24,416 INFO org.springframework.orm.jpa.AbstractEntityManagerFactoryBean [Thread-1] Closing JPA EntityManagerFactory for persistence unit 'default'
2018-11-30 10:45:24,417 INFO org.hibernate.tool.schema.internal.SchemaDropperImpl$DelayedDropActionImpl [Thread-1] HHH000477: Starting delayed drop of schema as part of SessionFactory shut-down'
2018-11-30 10:45:24,418 INFO org.springframework.jdbc.datasource.embedded.EmbeddedDatabaseFactory [Thread-1] Shutting down embedded database: url='jdbc:h2:mem:pvqms;DB_CLOSE_DELAY=-1;DB_CLOSE_ON_EXIT=false'
2018-11-30 10:47:21,444 INFO org.springframework.boot.StartupInfoLogger [main] Starting SomeBeanIntegrationTest on statusquo with PID 3212 (started by tomek in C:\Users\tomek\_MyJavaProjects\_Refresh\CommonConcepts)
2018-11-30 10:47:21,446 INFO org.springframework.boot.SpringApplication [main] No active profile set, falling back to default profiles: default
2018-11-30 10:47:21,461 INFO org.springframework.context.support.AbstractApplicationContext [main] Refreshing org.springframework.context.annotation.AnnotationConfigApplicationContext@3383649e: startup date [Fri Nov 30 10:47:21 CET 2018]; root of context hierarchy
2018-11-30 10:47:21,776 INFO org.springframework.beans.factory.support.DefaultListableBeanFactory [main] Overriding bean definition for bean 'someBean' with a different definition: replacing [Generic bean: class [spring.test.SomeBean]; scope=singleton; abstract=false; lazyInit=false; autowireMode=0; dependencyCheck=0; autowireCandidate=true; primary=false; factoryBeanName=null; factoryMethodName=null; initMethodName=null; destroyMethodName=null; defined in file [C:\Users\tomek\_MyJavaProjects\_Refresh\CommonConcepts\target\classes\spring\test\SomeBean.class]] with [Root bean: class [null]; scope=; abstract=false; lazyInit=false; autowireMode=3; dependencyCheck=0; autowireCandidate=true; primary=false; factoryBeanName=testConfiguration; factoryMethodName=someBean; initMethodName=null; destroyMethodName=(inferred); defined in spring.test.TestConfiguration]
2018-11-30 10:47:22,120 INFO org.springframework.jdbc.datasource.embedded.EmbeddedDatabaseFactory [main] Starting embedded database: url='jdbc:h2:mem:pvqms;DB_CLOSE_DELAY=-1;DB_CLOSE_ON_EXIT=false', username='sa'
2018-11-30 10:47:22,255 INFO org.springframework.jdbc.datasource.init.ScriptUtils [main] Executing SQL script from URL [file:/C:/Users/tomek/_MyJavaProjects/_Refresh/CommonConcepts/target/test-classes/schema.sql]
2018-11-30 10:47:22,265 INFO org.springframework.jdbc.datasource.init.ScriptUtils [main] Executed SQL script from URL [file:/C:/Users/tomek/_MyJavaProjects/_Refresh/CommonConcepts/target/test-classes/schema.sql] in 10 ms.
2018-11-30 10:47:22,267 INFO org.springframework.jdbc.datasource.init.ScriptUtils [main] Executing SQL script from URL [file:/C:/Users/tomek/_MyJavaProjects/_Refresh/CommonConcepts/target/test-classes/data.sql]
2018-11-30 10:47:22,271 INFO org.springframework.jdbc.datasource.init.ScriptUtils [main] Executed SQL script from URL [file:/C:/Users/tomek/_MyJavaProjects/_Refresh/CommonConcepts/target/test-classes/data.sql] in 3 ms.
2018-11-30 10:47:22,391 INFO org.springframework.orm.jpa.LocalContainerEntityManagerFactoryBean [main] Building JPA container EntityManagerFactory for persistence unit 'default'
2018-11-30 10:47:22,411 INFO org.hibernate.jpa.internal.util.LogHelper [main] HHH000204: Processing PersistenceUnitInfo [
	name: default
	...]
2018-11-30 10:47:22,484 INFO org.hibernate.Version [main] HHH000412: Hibernate Core {5.2.17.Final}
2018-11-30 10:47:22,486 INFO org.hibernate.cfg.Environment [main] HHH000206: hibernate.properties not found
2018-11-30 10:47:22,532 INFO org.hibernate.annotations.common.reflection.java.JavaReflectionManager [main] HCANN000001: Hibernate Commons Annotations {5.0.1.Final}
2018-11-30 10:47:22,646 INFO org.hibernate.dialect.Dialect [main] HHH000400: Using dialect: org.hibernate.dialect.H2Dialect
2018-11-30 10:47:22,931 INFO org.hibernate.tool.schema.internal.SchemaCreatorImpl [main] HHH000476: Executing import script 'org.hibernate.tool.schema.internal.exec.ScriptSourceInputNonExistentImpl@1142d377'
2018-11-30 10:47:22,933 INFO org.springframework.orm.jpa.AbstractEntityManagerFactoryBean [main] Initialized JPA EntityManagerFactory for persistence unit 'default'
2018-11-30 10:47:22,968 INFO com.datastax.driver.core.Cluster [main] DataStax Java driver 3.6.0 for Apache Cassandra
2018-11-30 10:47:22,976 INFO com.datastax.driver.core.GuavaCompatibility [main] Detected Guava >= 19 in the classpath, using modern compatibility layer
2018-11-30 10:47:23,089 INFO com.datastax.driver.core.Native$LibCLoader [main] Could not load JNR C Library, native system calls through this library will not be available (set this logger level to DEBUG to see the full stack trace).
2018-11-30 10:47:23,090 INFO com.datastax.driver.core.ClockFactory [main] Using java.lang.System clock to generate timestamps.
2018-11-30 10:47:23,333 INFO org.springframework.boot.StartupInfoLogger [main] Started SomeBeanIntegrationTest in 2.395 seconds (JVM running for 3.191)
2018-11-30 10:47:23,425 INFO org.springframework.test.context.transaction.TransactionContext [main] Began transaction (1) for test context [DefaultTestContext@1187c9e8 testClass = SomeBeanIntegrationTest, testInstance = spring.test.SomeBeanIntegrationTest@46271dd6, testMethod = contextUp@SomeBeanIntegrationTest, testException = [null], mergedContextConfiguration = [MergedContextConfiguration@127a7a2e testClass = SomeBeanIntegrationTest, locations = '{}', classes = '{class spring.test.TestConfiguration, class spring.test.TestConfiguration}', contextInitializerClasses = '[]', activeProfiles = '{}', propertySourceLocations = '{}', propertySourceProperties = '{org.springframework.boot.test.context.SpringBootTestContextBootstrapper=true}', contextCustomizers = set[org.springframework.boot.test.context.filter.ExcludeFilterContextCustomizer@152aa092, org.springframework.boot.test.json.DuplicateJsonObjectContextCustomizerFactory$DuplicateJsonObjectContextCustomizer@776b83cc, org.springframework.boot.test.mock.mockito.MockitoContextCustomizer@0, org.springframework.boot.test.web.client.TestRestTemplateContextCustomizer@6a370f4, org.springframework.boot.test.autoconfigure.properties.PropertyMappingContextCustomizer@0, org.springframework.boot.test.autoconfigure.web.servlet.WebDriverContextCustomizerFactory$Customizer@c333c60], contextLoader = 'org.springframework.boot.test.context.SpringBootContextLoader', parent = [null]], attributes = map[[empty]]]; transaction manager [org.springframework.orm.jpa.JpaTransactionManager@65f3e805]; rollback [true]
2018-11-30 10:47:23,527 INFO org.springframework.test.context.transaction.TransactionContext [main] Rolled back transaction for test: [DefaultTestContext@1187c9e8 testClass = SomeBeanIntegrationTest, testInstance = spring.test.SomeBeanIntegrationTest@46271dd6, testMethod = contextUp@SomeBeanIntegrationTest, testException = [null], mergedContextConfiguration = [MergedContextConfiguration@127a7a2e testClass = SomeBeanIntegrationTest, locations = '{}', classes = '{class spring.test.TestConfiguration, class spring.test.TestConfiguration}', contextInitializerClasses = '[]', activeProfiles = '{}', propertySourceLocations = '{}', propertySourceProperties = '{org.springframework.boot.test.context.SpringBootTestContextBootstrapper=true}', contextCustomizers = set[org.springframework.boot.test.context.filter.ExcludeFilterContextCustomizer@152aa092, org.springframework.boot.test.json.DuplicateJsonObjectContextCustomizerFactory$DuplicateJsonObjectContextCustomizer@776b83cc, org.springframework.boot.test.mock.mockito.MockitoContextCustomizer@0, org.springframework.boot.test.web.client.TestRestTemplateContextCustomizer@6a370f4, org.springframework.boot.test.autoconfigure.properties.PropertyMappingContextCustomizer@0, org.springframework.boot.test.autoconfigure.web.servlet.WebDriverContextCustomizerFactory$Customizer@c333c60], contextLoader = 'org.springframework.boot.test.context.SpringBootContextLoader', parent = [null]], attributes = map[[empty]]]
2018-11-30 10:47:23,530 INFO org.springframework.context.support.AbstractApplicationContext [Thread-1] Closing org.springframework.context.annotation.AnnotationConfigApplicationContext@3383649e: startup date [Fri Nov 30 10:47:21 CET 2018]; root of context hierarchy
2018-11-30 10:47:23,535 INFO org.springframework.orm.jpa.AbstractEntityManagerFactoryBean [Thread-1] Closing JPA EntityManagerFactory for persistence unit 'default'
2018-11-30 10:47:23,535 INFO org.hibernate.tool.schema.internal.SchemaDropperImpl$DelayedDropActionImpl [Thread-1] HHH000477: Starting delayed drop of schema as part of SessionFactory shut-down'
2018-11-30 10:47:23,537 INFO org.springframework.jdbc.datasource.embedded.EmbeddedDatabaseFactory [Thread-1] Shutting down embedded database: url='jdbc:h2:mem:pvqms;DB_CLOSE_DELAY=-1;DB_CLOSE_ON_EXIT=false'
2018-11-30 10:48:43,195 INFO org.springframework.boot.StartupInfoLogger [main] Starting SomeBeanIntegrationTest on statusquo with PID 14512 (started by tomek in C:\Users\tomek\_MyJavaProjects\_Refresh\CommonConcepts)
2018-11-30 10:48:43,199 INFO org.springframework.boot.SpringApplication [main] No active profile set, falling back to default profiles: default
2018-11-30 10:48:43,220 INFO org.springframework.context.support.AbstractApplicationContext [main] Refreshing org.springframework.context.annotation.AnnotationConfigApplicationContext@1c9f0a20: startup date [Fri Nov 30 10:48:43 CET 2018]; root of context hierarchy
2018-11-30 10:48:43,525 INFO org.springframework.beans.factory.support.DefaultListableBeanFactory [main] Overriding bean definition for bean 'someBean' with a different definition: replacing [Generic bean: class [spring.test.SomeBean]; scope=singleton; abstract=false; lazyInit=false; autowireMode=0; dependencyCheck=0; autowireCandidate=true; primary=false; factoryBeanName=null; factoryMethodName=null; initMethodName=null; destroyMethodName=null; defined in file [C:\Users\tomek\_MyJavaProjects\_Refresh\CommonConcepts\target\classes\spring\test\SomeBean.class]] with [Root bean: class [null]; scope=; abstract=false; lazyInit=false; autowireMode=3; dependencyCheck=0; autowireCandidate=true; primary=false; factoryBeanName=testConfiguration; factoryMethodName=someBean; initMethodName=null; destroyMethodName=(inferred); defined in spring.test.TestConfiguration]
2018-11-30 10:48:43,904 INFO org.springframework.jdbc.datasource.embedded.EmbeddedDatabaseFactory [main] Starting embedded database: url='jdbc:h2:mem:pvqms;DB_CLOSE_DELAY=-1;DB_CLOSE_ON_EXIT=false', username='sa'
2018-11-30 10:48:44,058 INFO org.springframework.jdbc.datasource.init.ScriptUtils [main] Executing SQL script from URL [file:/C:/Users/tomek/_MyJavaProjects/_Refresh/CommonConcepts/target/test-classes/schema.sql]
2018-11-30 10:48:44,067 INFO org.springframework.jdbc.datasource.init.ScriptUtils [main] Executed SQL script from URL [file:/C:/Users/tomek/_MyJavaProjects/_Refresh/CommonConcepts/target/test-classes/schema.sql] in 9 ms.
2018-11-30 10:48:44,069 INFO org.springframework.jdbc.datasource.init.ScriptUtils [main] Executing SQL script from URL [file:/C:/Users/tomek/_MyJavaProjects/_Refresh/CommonConcepts/target/test-classes/data.sql]
2018-11-30 10:48:44,074 INFO org.springframework.jdbc.datasource.init.ScriptUtils [main] Executed SQL script from URL [file:/C:/Users/tomek/_MyJavaProjects/_Refresh/CommonConcepts/target/test-classes/data.sql] in 4 ms.
2018-11-30 10:48:44,199 INFO org.springframework.orm.jpa.LocalContainerEntityManagerFactoryBean [main] Building JPA container EntityManagerFactory for persistence unit 'default'
2018-11-30 10:48:44,218 INFO org.hibernate.jpa.internal.util.LogHelper [main] HHH000204: Processing PersistenceUnitInfo [
	name: default
	...]
2018-11-30 10:48:44,295 INFO org.hibernate.Version [main] HHH000412: Hibernate Core {5.2.17.Final}
2018-11-30 10:48:44,298 INFO org.hibernate.cfg.Environment [main] HHH000206: hibernate.properties not found
2018-11-30 10:48:44,338 INFO org.hibernate.annotations.common.reflection.java.JavaReflectionManager [main] HCANN000001: Hibernate Commons Annotations {5.0.1.Final}
2018-11-30 10:48:44,459 INFO org.hibernate.dialect.Dialect [main] HHH000400: Using dialect: org.hibernate.dialect.H2Dialect
2018-11-30 10:48:44,762 INFO org.springframework.orm.jpa.AbstractEntityManagerFactoryBean [main] Initialized JPA EntityManagerFactory for persistence unit 'default'
2018-11-30 10:48:44,792 INFO com.datastax.driver.core.Cluster [main] DataStax Java driver 3.6.0 for Apache Cassandra
2018-11-30 10:48:44,798 INFO com.datastax.driver.core.GuavaCompatibility [main] Detected Guava >= 19 in the classpath, using modern compatibility layer
2018-11-30 10:48:44,905 INFO com.datastax.driver.core.Native$LibCLoader [main] Could not load JNR C Library, native system calls through this library will not be available (set this logger level to DEBUG to see the full stack trace).
2018-11-30 10:48:44,906 INFO com.datastax.driver.core.ClockFactory [main] Using java.lang.System clock to generate timestamps.
2018-11-30 10:48:45,130 INFO org.springframework.boot.StartupInfoLogger [main] Started SomeBeanIntegrationTest in 2.328 seconds (JVM running for 3.078)
2018-11-30 10:48:45,215 INFO org.springframework.test.context.transaction.TransactionContext [main] Began transaction (1) for test context [DefaultTestContext@1187c9e8 testClass = SomeBeanIntegrationTest, testInstance = spring.test.SomeBeanIntegrationTest@46271dd6, testMethod = contextUp@SomeBeanIntegrationTest, testException = [null], mergedContextConfiguration = [MergedContextConfiguration@127a7a2e testClass = SomeBeanIntegrationTest, locations = '{}', classes = '{class spring.test.TestConfiguration, class spring.test.TestConfiguration}', contextInitializerClasses = '[]', activeProfiles = '{}', propertySourceLocations = '{}', propertySourceProperties = '{org.springframework.boot.test.context.SpringBootTestContextBootstrapper=true}', contextCustomizers = set[org.springframework.boot.test.context.filter.ExcludeFilterContextCustomizer@152aa092, org.springframework.boot.test.json.DuplicateJsonObjectContextCustomizerFactory$DuplicateJsonObjectContextCustomizer@776b83cc, org.springframework.boot.test.mock.mockito.MockitoContextCustomizer@0, org.springframework.boot.test.web.client.TestRestTemplateContextCustomizer@6a370f4, org.springframework.boot.test.autoconfigure.properties.PropertyMappingContextCustomizer@0, org.springframework.boot.test.autoconfigure.web.servlet.WebDriverContextCustomizerFactory$Customizer@c333c60], contextLoader = 'org.springframework.boot.test.context.SpringBootContextLoader', parent = [null]], attributes = map[[empty]]]; transaction manager [org.springframework.orm.jpa.JpaTransactionManager@33d230ce]; rollback [true]
2018-11-30 10:48:45,305 INFO org.springframework.test.context.transaction.TransactionContext [main] Rolled back transaction for test: [DefaultTestContext@1187c9e8 testClass = SomeBeanIntegrationTest, testInstance = spring.test.SomeBeanIntegrationTest@46271dd6, testMethod = contextUp@SomeBeanIntegrationTest, testException = [null], mergedContextConfiguration = [MergedContextConfiguration@127a7a2e testClass = SomeBeanIntegrationTest, locations = '{}', classes = '{class spring.test.TestConfiguration, class spring.test.TestConfiguration}', contextInitializerClasses = '[]', activeProfiles = '{}', propertySourceLocations = '{}', propertySourceProperties = '{org.springframework.boot.test.context.SpringBootTestContextBootstrapper=true}', contextCustomizers = set[org.springframework.boot.test.context.filter.ExcludeFilterContextCustomizer@152aa092, org.springframework.boot.test.json.DuplicateJsonObjectContextCustomizerFactory$DuplicateJsonObjectContextCustomizer@776b83cc, org.springframework.boot.test.mock.mockito.MockitoContextCustomizer@0, org.springframework.boot.test.web.client.TestRestTemplateContextCustomizer@6a370f4, org.springframework.boot.test.autoconfigure.properties.PropertyMappingContextCustomizer@0, org.springframework.boot.test.autoconfigure.web.servlet.WebDriverContextCustomizerFactory$Customizer@c333c60], contextLoader = 'org.springframework.boot.test.context.SpringBootContextLoader', parent = [null]], attributes = map[[empty]]]
2018-11-30 10:48:45,307 INFO org.springframework.context.support.AbstractApplicationContext [Thread-1] Closing org.springframework.context.annotation.AnnotationConfigApplicationContext@1c9f0a20: startup date [Fri Nov 30 10:48:43 CET 2018]; root of context hierarchy
2018-11-30 10:48:45,312 INFO org.springframework.orm.jpa.AbstractEntityManagerFactoryBean [Thread-1] Closing JPA EntityManagerFactory for persistence unit 'default'
2018-11-30 10:48:45,313 INFO org.springframework.jdbc.datasource.embedded.EmbeddedDatabaseFactory [Thread-1] Shutting down embedded database: url='jdbc:h2:mem:pvqms;DB_CLOSE_DELAY=-1;DB_CLOSE_ON_EXIT=false'
